This is pdfTeX, Version 3.14159265-2.6-1.40.19 (MiKTeX 2.9.6630) (preloaded format=pdflatex 2018.6.14)  8 JUN 2022 18:10
entering extended mode
**./main.tex
(main.tex
LaTeX2e <2017-04-15>
Babel <3.18> and hyphenation patterns for 75 language(s) loaded.

("C:\Users\Chiara\AppData\Local\Programs\MiKTeX 2.9 a\tex\latex\base\article.cl
s"
Document Class: article 2014/09/29 v1.4h Standard LaTeX document class
("C:\Users\Chiara\AppData\Local\Programs\MiKTeX 2.9 a\tex\latex\base\size10.clo
"
File: size10.clo 2014/09/29 v1.4h Standard LaTeX file (size option)
)
\c@part=\count79
\c@section=\count80
\c@subsection=\count81
\c@subsubsection=\count82
\c@paragraph=\count83
\c@subparagraph=\count84
\c@figure=\count85
\c@table=\count86
\abovecaptionskip=\skip41
\belowcaptionskip=\skip42
\bibindent=\dimen102
)
("C:\Users\Chiara\AppData\Local\Programs\MiKTeX 2.9 a\tex\latex\base\inputenc.s
ty"
Package: inputenc 2015/03/17 v1.2c Input encoding file
\inpenc@prehook=\toks14
\inpenc@posthook=\toks15

("C:\Users\Chiara\AppData\Local\Programs\MiKTeX 2.9 a\tex\latex\base\utf8.def"
File: utf8.def 2017/01/28 v1.1t UTF-8 support for inputenc
Now handling font encoding OML ...
... no UTF-8 mapping file for font encoding OML
Now handling font encoding T1 ...
... processing UTF-8 mapping file for font encoding T1

("C:\Users\Chiara\AppData\Local\Programs\MiKTeX 2.9 a\tex\latex\base\t1enc.dfu"
File: t1enc.dfu 2017/01/28 v1.1t UTF-8 support for inputenc
   defining Unicode char U+00A0 (decimal 160)
   defining Unicode char U+00A1 (decimal 161)
   defining Unicode char U+00A3 (decimal 163)
   defining Unicode char U+00AB (decimal 171)
   defining Unicode char U+00AD (decimal 173)
   defining Unicode char U+00BB (decimal 187)
   defining Unicode char U+00BF (decimal 191)
   defining Unicode char U+00C0 (decimal 192)
   defining Unicode char U+00C1 (decimal 193)
   defining Unicode char U+00C2 (decimal 194)
   defining Unicode char U+00C3 (decimal 195)
   defining Unicode char U+00C4 (decimal 196)
   defining Unicode char U+00C5 (decimal 197)
   defining Unicode char U+00C6 (decimal 198)
   defining Unicode char U+00C7 (decimal 199)
   defining Unicode char U+00C8 (decimal 200)
   defining Unicode char U+00C9 (decimal 201)
   defining Unicode char U+00CA (decimal 202)
   defining Unicode char U+00CB (decimal 203)
   defining Unicode char U+00CC (decimal 204)
   defining Unicode char U+00CD (decimal 205)
   defining Unicode char U+00CE (decimal 206)
   defining Unicode char U+00CF (decimal 207)
   defining Unicode char U+00D0 (decimal 208)
   defining Unicode char U+00D1 (decimal 209)
   defining Unicode char U+00D2 (decimal 210)
   defining Unicode char U+00D3 (decimal 211)
   defining Unicode char U+00D4 (decimal 212)
   defining Unicode char U+00D5 (decimal 213)
   defining Unicode char U+00D6 (decimal 214)
   defining Unicode char U+00D8 (decimal 216)
   defining Unicode char U+00D9 (decimal 217)
   defining Unicode char U+00DA (decimal 218)
   defining Unicode char U+00DB (decimal 219)
   defining Unicode char U+00DC (decimal 220)
   defining Unicode char U+00DD (decimal 221)
   defining Unicode char U+00DE (decimal 222)
   defining Unicode char U+00DF (decimal 223)
   defining Unicode char U+00E0 (decimal 224)
   defining Unicode char U+00E1 (decimal 225)
   defining Unicode char U+00E2 (decimal 226)
   defining Unicode char U+00E3 (decimal 227)
   defining Unicode char U+00E4 (decimal 228)
   defining Unicode char U+00E5 (decimal 229)
   defining Unicode char U+00E6 (decimal 230)
   defining Unicode char U+00E7 (decimal 231)
   defining Unicode char U+00E8 (decimal 232)
   defining Unicode char U+00E9 (decimal 233)
   defining Unicode char U+00EA (decimal 234)
   defining Unicode char U+00EB (decimal 235)
   defining Unicode char U+00EC (decimal 236)
   defining Unicode char U+00ED (decimal 237)
   defining Unicode char U+00EE (decimal 238)
   defining Unicode char U+00EF (decimal 239)
   defining Unicode char U+00F0 (decimal 240)
   defining Unicode char U+00F1 (decimal 241)
   defining Unicode char U+00F2 (decimal 242)
   defining Unicode char U+00F3 (decimal 243)
   defining Unicode char U+00F4 (decimal 244)
   defining Unicode char U+00F5 (decimal 245)
   defining Unicode char U+00F6 (decimal 246)
   defining Unicode char U+00F8 (decimal 248)
   defining Unicode char U+00F9 (decimal 249)
   defining Unicode char U+00FA (decimal 250)
   defining Unicode char U+00FB (decimal 251)
   defining Unicode char U+00FC (decimal 252)
   defining Unicode char U+00FD (decimal 253)
   defining Unicode char U+00FE (decimal 254)
   defining Unicode char U+00FF (decimal 255)
   defining Unicode char U+0100 (decimal 256)
   defining Unicode char U+0101 (decimal 257)
   defining Unicode char U+0102 (decimal 258)
   defining Unicode char U+0103 (decimal 259)
   defining Unicode char U+0104 (decimal 260)
   defining Unicode char U+0105 (decimal 261)
   defining Unicode char U+0106 (decimal 262)
   defining Unicode char U+0107 (decimal 263)
   defining Unicode char U+0108 (decimal 264)
   defining Unicode char U+0109 (decimal 265)
   defining Unicode char U+010A (decimal 266)
   defining Unicode char U+010B (decimal 267)
   defining Unicode char U+010C (decimal 268)
   defining Unicode char U+010D (decimal 269)
   defining Unicode char U+010E (decimal 270)
   defining Unicode char U+010F (decimal 271)
   defining Unicode char U+0110 (decimal 272)
   defining Unicode char U+0111 (decimal 273)
   defining Unicode char U+0112 (decimal 274)
   defining Unicode char U+0113 (decimal 275)
   defining Unicode char U+0114 (decimal 276)
   defining Unicode char U+0115 (decimal 277)
   defining Unicode char U+0116 (decimal 278)
   defining Unicode char U+0117 (decimal 279)
   defining Unicode char U+0118 (decimal 280)
   defining Unicode char U+0119 (decimal 281)
   defining Unicode char U+011A (decimal 282)
   defining Unicode char U+011B (decimal 283)
   defining Unicode char U+011C (decimal 284)
   defining Unicode char U+011D (decimal 285)
   defining Unicode char U+011E (decimal 286)
   defining Unicode char U+011F (decimal 287)
   defining Unicode char U+0120 (decimal 288)
   defining Unicode char U+0121 (decimal 289)
   defining Unicode char U+0122 (decimal 290)
   defining Unicode char U+0123 (decimal 291)
   defining Unicode char U+0124 (decimal 292)
   defining Unicode char U+0125 (decimal 293)
   defining Unicode char U+0128 (decimal 296)
   defining Unicode char U+0129 (decimal 297)
   defining Unicode char U+012A (decimal 298)
   defining Unicode char U+012B (decimal 299)
   defining Unicode char U+012C (decimal 300)
   defining Unicode char U+012D (decimal 301)
   defining Unicode char U+012E (decimal 302)
   defining Unicode char U+012F (decimal 303)
   defining Unicode char U+0130 (decimal 304)
   defining Unicode char U+0131 (decimal 305)
   defining Unicode char U+0132 (decimal 306)
   defining Unicode char U+0133 (decimal 307)
   defining Unicode char U+0134 (decimal 308)
   defining Unicode char U+0135 (decimal 309)
   defining Unicode char U+0136 (decimal 310)
   defining Unicode char U+0137 (decimal 311)
   defining Unicode char U+0139 (decimal 313)
   defining Unicode char U+013A (decimal 314)
   defining Unicode char U+013B (decimal 315)
   defining Unicode char U+013C (decimal 316)
   defining Unicode char U+013D (decimal 317)
   defining Unicode char U+013E (decimal 318)
   defining Unicode char U+0141 (decimal 321)
   defining Unicode char U+0142 (decimal 322)
   defining Unicode char U+0143 (decimal 323)
   defining Unicode char U+0144 (decimal 324)
   defining Unicode char U+0145 (decimal 325)
   defining Unicode char U+0146 (decimal 326)
   defining Unicode char U+0147 (decimal 327)
   defining Unicode char U+0148 (decimal 328)
   defining Unicode char U+014A (decimal 330)
   defining Unicode char U+014B (decimal 331)
   defining Unicode char U+014C (decimal 332)
   defining Unicode char U+014D (decimal 333)
   defining Unicode char U+014E (decimal 334)
   defining Unicode char U+014F (decimal 335)
   defining Unicode char U+0150 (decimal 336)
   defining Unicode char U+0151 (decimal 337)
   defining Unicode char U+0152 (decimal 338)
   defining Unicode char U+0153 (decimal 339)
   defining Unicode char U+0154 (decimal 340)
   defining Unicode char U+0155 (decimal 341)
   defining Unicode char U+0156 (decimal 342)
   defining Unicode char U+0157 (decimal 343)
   defining Unicode char U+0158 (decimal 344)
   defining Unicode char U+0159 (decimal 345)
   defining Unicode char U+015A (decimal 346)
   defining Unicode char U+015B (decimal 347)
   defining Unicode char U+015C (decimal 348)
   defining Unicode char U+015D (decimal 349)
   defining Unicode char U+015E (decimal 350)
   defining Unicode char U+015F (decimal 351)
   defining Unicode char U+0160 (decimal 352)
   defining Unicode char U+0161 (decimal 353)
   defining Unicode char U+0162 (decimal 354)
   defining Unicode char U+0163 (decimal 355)
   defining Unicode char U+0164 (decimal 356)
   defining Unicode char U+0165 (decimal 357)
   defining Unicode char U+0168 (decimal 360)
   defining Unicode char U+0169 (decimal 361)
   defining Unicode char U+016A (decimal 362)
   defining Unicode char U+016B (decimal 363)
   defining Unicode char U+016C (decimal 364)
   defining Unicode char U+016D (decimal 365)
   defining Unicode char U+016E (decimal 366)
   defining Unicode char U+016F (decimal 367)
   defining Unicode char U+0170 (decimal 368)
   defining Unicode char U+0171 (decimal 369)
   defining Unicode char U+0172 (decimal 370)
   defining Unicode char U+0173 (decimal 371)
   defining Unicode char U+0174 (decimal 372)
   defining Unicode char U+0175 (decimal 373)
   defining Unicode char U+0176 (decimal 374)
   defining Unicode char U+0177 (decimal 375)
   defining Unicode char U+0178 (decimal 376)
   defining Unicode char U+0179 (decimal 377)
   defining Unicode char U+017A (decimal 378)
   defining Unicode char U+017B (decimal 379)
   defining Unicode char U+017C (decimal 380)
   defining Unicode char U+017D (decimal 381)
   defining Unicode char U+017E (decimal 382)
   defining Unicode char U+01CD (decimal 461)
   defining Unicode char U+01CE (decimal 462)
   defining Unicode char U+01CF (decimal 463)
   defining Unicode char U+01D0 (decimal 464)
   defining Unicode char U+01D1 (decimal 465)
   defining Unicode char U+01D2 (decimal 466)
   defining Unicode char U+01D3 (decimal 467)
   defining Unicode char U+01D4 (decimal 468)
   defining Unicode char U+01E2 (decimal 482)
   defining Unicode char U+01E3 (decimal 483)
   defining Unicode char U+01E6 (decimal 486)
   defining Unicode char U+01E7 (decimal 487)
   defining Unicode char U+01E8 (decimal 488)
   defining Unicode char U+01E9 (decimal 489)
   defining Unicode char U+01EA (decimal 490)
   defining Unicode char U+01EB (decimal 491)
   defining Unicode char U+01F0 (decimal 496)
   defining Unicode char U+01F4 (decimal 500)
   defining Unicode char U+01F5 (decimal 501)
   defining Unicode char U+0218 (decimal 536)
   defining Unicode char U+0219 (decimal 537)
   defining Unicode char U+021A (decimal 538)
   defining Unicode char U+021B (decimal 539)
   defining Unicode char U+0232 (decimal 562)
   defining Unicode char U+0233 (decimal 563)
   defining Unicode char U+1E02 (decimal 7682)
   defining Unicode char U+1E03 (decimal 7683)
   defining Unicode char U+200C (decimal 8204)
   defining Unicode char U+2010 (decimal 8208)
   defining Unicode char U+2011 (decimal 8209)
   defining Unicode char U+2012 (decimal 8210)
   defining Unicode char U+2013 (decimal 8211)
   defining Unicode char U+2014 (decimal 8212)
   defining Unicode char U+2015 (decimal 8213)
   defining Unicode char U+2018 (decimal 8216)
   defining Unicode char U+2019 (decimal 8217)
   defining Unicode char U+201A (decimal 8218)
   defining Unicode char U+201C (decimal 8220)
   defining Unicode char U+201D (decimal 8221)
   defining Unicode char U+201E (decimal 8222)
   defining Unicode char U+2030 (decimal 8240)
   defining Unicode char U+2031 (decimal 8241)
   defining Unicode char U+2039 (decimal 8249)
   defining Unicode char U+203A (decimal 8250)
   defining Unicode char U+2423 (decimal 9251)
   defining Unicode char U+1E20 (decimal 7712)
   defining Unicode char U+1E21 (decimal 7713)
)
Now handling font encoding OT1 ...
... processing UTF-8 mapping file for font encoding OT1

("C:\Users\Chiara\AppData\Local\Programs\MiKTeX 2.9 a\tex\latex\base\ot1enc.dfu
"
File: ot1enc.dfu 2017/01/28 v1.1t UTF-8 support for inputenc
   defining Unicode char U+00A0 (decimal 160)
   defining Unicode char U+00A1 (decimal 161)
   defining Unicode char U+00A3 (decimal 163)
   defining Unicode char U+00AD (decimal 173)
   defining Unicode char U+00B8 (decimal 184)
   defining Unicode char U+00BF (decimal 191)
   defining Unicode char U+00C5 (decimal 197)
   defining Unicode char U+00C6 (decimal 198)
   defining Unicode char U+00D8 (decimal 216)
   defining Unicode char U+00DF (decimal 223)
   defining Unicode char U+00E6 (decimal 230)
   defining Unicode char U+00EC (decimal 236)
   defining Unicode char U+00ED (decimal 237)
   defining Unicode char U+00EE (decimal 238)
   defining Unicode char U+00EF (decimal 239)
   defining Unicode char U+00F8 (decimal 248)
   defining Unicode char U+0131 (decimal 305)
   defining Unicode char U+0141 (decimal 321)
   defining Unicode char U+0142 (decimal 322)
   defining Unicode char U+0152 (decimal 338)
   defining Unicode char U+0153 (decimal 339)
   defining Unicode char U+0174 (decimal 372)
   defining Unicode char U+0175 (decimal 373)
   defining Unicode char U+0176 (decimal 374)
   defining Unicode char U+0177 (decimal 375)
   defining Unicode char U+0218 (decimal 536)
   defining Unicode char U+0219 (decimal 537)
   defining Unicode char U+021A (decimal 538)
   defining Unicode char U+021B (decimal 539)
   defining Unicode char U+2013 (decimal 8211)
   defining Unicode char U+2014 (decimal 8212)
   defining Unicode char U+2018 (decimal 8216)
   defining Unicode char U+2019 (decimal 8217)
   defining Unicode char U+201C (decimal 8220)
   defining Unicode char U+201D (decimal 8221)
)
Now handling font encoding OMS ...
... processing UTF-8 mapping file for font encoding OMS

("C:\Users\Chiara\AppData\Local\Programs\MiKTeX 2.9 a\tex\latex\base\omsenc.dfu
"
File: omsenc.dfu 2017/01/28 v1.1t UTF-8 support for inputenc
   defining Unicode char U+00A7 (decimal 167)
   defining Unicode char U+00B6 (decimal 182)
   defining Unicode char U+00B7 (decimal 183)
   defining Unicode char U+2020 (decimal 8224)
   defining Unicode char U+2021 (decimal 8225)
   defining Unicode char U+2022 (decimal 8226)
)
Now handling font encoding OMX ...
... no UTF-8 mapping file for font encoding OMX
Now handling font encoding U ...
... no UTF-8 mapping file for font encoding U
   defining Unicode char U+00A9 (decimal 169)
   defining Unicode char U+00AA (decimal 170)
   defining Unicode char U+00AE (decimal 174)
   defining Unicode char U+00BA (decimal 186)
   defining Unicode char U+02C6 (decimal 710)
   defining Unicode char U+02DC (decimal 732)
   defining Unicode char U+200C (decimal 8204)
   defining Unicode char U+2026 (decimal 8230)
   defining Unicode char U+2122 (decimal 8482)
   defining Unicode char U+2423 (decimal 9251)
))
("C:\Users\Chiara\AppData\Local\Programs\MiKTeX 2.9 a\tex\generic\babel\babel.s
ty"
Package: babel 2018/02/14 3.18 The Babel package

("C:\Users\Chiara\AppData\Local\Programs\MiKTeX 2.9 a\tex\generic\babel\switch.
def"
File: switch.def 2018/02/14 3.18 Babel switching mechanism
)
*************************************
* Local config file bblopts.cfg used
*

("C:\Users\Chiara\AppData\Local\Programs\MiKTeX 2.9 a\tex\latex\arabi\bblopts.c
fg"
File: bblopts.cfg 2005/09/08 v0.1 add Arabic and Farsi to "declared" options of
 babel
)
("C:\Users\Chiara\AppData\Local\Programs\MiKTeX 2.9 a\tex\latex\babel-english\e
nglish.ldf"
Language: english 2017/06/06 v3.3r English support from the babel system

("C:\Users\Chiara\AppData\Local\Programs\MiKTeX 2.9 a\tex\generic\babel\babel.d
ef"
File: babel.def 2018/02/14 3.18 Babel common definitions
\babel@savecnt=\count87
\U@D=\dimen103

("C:\Users\Chiara\AppData\Local\Programs\MiKTeX 2.9 a\tex\generic\babel\txtbabe
l.def")
\bbl@dirlevel=\count88
)
\l@canadian = a dialect from \language\l@american 
\l@australian = a dialect from \language\l@british 
\l@newzealand = a dialect from \language\l@british 
)
("C:\Users\Chiara\AppData\Local\Programs\MiKTeX 2.9 a\tex\latex\babel-italian\i
talian.ldf"
Language: italian 2015/03/26 v1.3n Italian support from the babel system
\it@lettering=\count89
\it@doublequoteactive=\count90
\it@ISOcompliance=\count91
))
("C:\Users\Chiara\AppData\Local\Programs\MiKTeX 2.9 a\tex\latex\etoolbox\etoolb
ox.sty"
Package: etoolbox 2018/02/11 v2.5e e-TeX tools for LaTeX (JAW)
\etb@tempcnta=\count92
)
("C:\Users\Chiara\AppData\Local\Programs\MiKTeX 2.9 a\tex\latex\graphics\graphi
cx.sty"
Package: graphicx 2017/06/01 v1.1a Enhanced LaTeX Graphics (DPC,SPQR)

("C:\Users\Chiara\AppData\Local\Programs\MiKTeX 2.9 a\tex\latex\graphics\keyval
.sty"
Package: keyval 2014/10/28 v1.15 key=value parser (DPC)
\KV@toks@=\toks16
)
("C:\Users\Chiara\AppData\Local\Programs\MiKTeX 2.9 a\tex\latex\graphics\graphi
cs.sty"
Package: graphics 2017/06/25 v1.2c Standard LaTeX Graphics (DPC,SPQR)

("C:\Users\Chiara\AppData\Local\Programs\MiKTeX 2.9 a\tex\latex\graphics\trig.s
ty"
Package: trig 2016/01/03 v1.10 sin cos tan (DPC)
)
("C:\Users\Chiara\AppData\Local\Programs\MiKTeX 2.9 a\tex\latex\graphics-cfg\gr
aphics.cfg"
File: graphics.cfg 2016/06/04 v1.11 sample graphics configuration
)
Package graphics Info: Driver file: pdftex.def on input line 99.

("C:\Users\Chiara\AppData\Local\Programs\MiKTeX 2.9 a\tex\latex\graphics-def\pd
ftex.def"
File: pdftex.def 2018/01/08 v1.0l Graphics/color driver for pdftex
))
\Gin@req@height=\dimen104
\Gin@req@width=\dimen105
)
("C:\Users\Chiara\AppData\Local\Programs\MiKTeX 2.9 a\tex\latex\geometry\geomet
ry.sty"
Package: geometry 2010/09/12 v5.6 Page Geometry

("C:\Users\Chiara\AppData\Local\Programs\MiKTeX 2.9 a\tex\generic\oberdiek\ifpd
f.sty"
Package: ifpdf 2017/03/15 v3.2 Provides the ifpdf switch
)
("C:\Users\Chiara\AppData\Local\Programs\MiKTeX 2.9 a\tex\generic\oberdiek\ifvt
ex.sty"
Package: ifvtex 2016/05/16 v1.6 Detect VTeX and its facilities (HO)
Package ifvtex Info: VTeX not detected.
)
("C:\Users\Chiara\AppData\Local\Programs\MiKTeX 2.9 a\tex\generic\ifxetex\ifxet
ex.sty"
Package: ifxetex 2010/09/12 v0.6 Provides ifxetex conditional
)
\Gm@cnth=\count93
\Gm@cntv=\count94
\c@Gm@tempcnt=\count95
\Gm@bindingoffset=\dimen106
\Gm@wd@mp=\dimen107
\Gm@odd@mp=\dimen108
\Gm@even@mp=\dimen109
\Gm@layoutwidth=\dimen110
\Gm@layoutheight=\dimen111
\Gm@layouthoffset=\dimen112
\Gm@layoutvoffset=\dimen113
\Gm@dimlist=\toks17

("C:\Users\Chiara\AppData\Local\Programs\MiKTeX 2.9 a\tex\latex\geometry\geomet
ry.cfg"))
("C:\Users\Chiara\AppData\Local\Programs\MiKTeX 2.9 a\tex\latex\koma-script\scr
extend.sty"
Package: scrextend 2018/03/30 v3.25 KOMA-Script package (extend other classes w
ith features of KOMA-Script classes)

("C:\Users\Chiara\AppData\Local\Programs\MiKTeX 2.9 a\tex\latex\koma-script\scr
kbase.sty"
Package: scrkbase 2018/03/30 v3.25 KOMA-Script package (KOMA-Script-dependent b
asics and keyval usage)

("C:\Users\Chiara\AppData\Local\Programs\MiKTeX 2.9 a\tex\latex\koma-script\scr
base.sty"
Package: scrbase 2018/03/30 v3.25 KOMA-Script package (KOMA-Script-independent 
basics and keyval usage)

("C:\Users\Chiara\AppData\Local\Programs\MiKTeX 2.9 a\tex\latex\koma-script\scr
lfile.sty"
Package: scrlfile 2018/03/30 v3.25 KOMA-Script package (loading files)
))))

LaTeX Font Warning: Font shape `OT1/cmr/m/n' in size <13> not available
(Font)              size <12> substituted on input line 7.


("C:\Users\Chiara\AppData\Local\Programs\MiKTeX 2.9 a\tex\latex\amsmath\amsmath
.sty"
Package: amsmath 2017/09/02 v2.17a AMS math features
\@mathmargin=\skip43

For additional information on amsmath, use the `?' option.

("C:\Users\Chiara\AppData\Local\Programs\MiKTeX 2.9 a\tex\latex\amsmath\amstext
.sty"
Package: amstext 2000/06/29 v2.01 AMS text

("C:\Users\Chiara\AppData\Local\Programs\MiKTeX 2.9 a\tex\latex\amsmath\amsgen.
sty"
File: amsgen.sty 1999/11/30 v2.0 generic functions
\@emptytoks=\toks18
\ex@=\dimen114
))
("C:\Users\Chiara\AppData\Local\Programs\MiKTeX 2.9 a\tex\latex\amsmath\amsbsy.
sty"
Package: amsbsy 1999/11/29 v1.2d Bold Symbols
\pmbraise@=\dimen115
)
("C:\Users\Chiara\AppData\Local\Programs\MiKTeX 2.9 a\tex\latex\amsmath\amsopn.
sty"
Package: amsopn 2016/03/08 v2.02 operator names
)
\inf@bad=\count96
LaTeX Info: Redefining \frac on input line 213.
\uproot@=\count97
\leftroot@=\count98
LaTeX Info: Redefining \overline on input line 375.
\classnum@=\count99
\DOTSCASE@=\count100
LaTeX Info: Redefining \ldots on input line 472.
LaTeX Info: Redefining \dots on input line 475.
LaTeX Info: Redefining \cdots on input line 596.
\Mathstrutbox@=\box26
\strutbox@=\box27
\big@size=\dimen116
LaTeX Font Info:    Redeclaring font encoding OML on input line 712.
LaTeX Font Info:    Redeclaring font encoding OMS on input line 713.
\macc@depth=\count101
\c@MaxMatrixCols=\count102
\dotsspace@=\muskip10
\c@parentequation=\count103
\dspbrk@lvl=\count104
\tag@help=\toks19
\row@=\count105
\column@=\count106
\maxfields@=\count107
\andhelp@=\toks20
\eqnshift@=\dimen117
\alignsep@=\dimen118
\tagshift@=\dimen119
\tagwidth@=\dimen120
\totwidth@=\dimen121
\lineht@=\dimen122
\@envbody=\toks21
\multlinegap=\skip44
\multlinetaggap=\skip45
\mathdisplay@stack=\toks22
LaTeX Info: Redefining \[ on input line 2817.
LaTeX Info: Redefining \] on input line 2818.
)
("C:\Users\Chiara\AppData\Local\Programs\MiKTeX 2.9 a\tex\latex\amscls\amsthm.s
ty"
Package: amsthm 2017/10/31 v2.20.4
\thm@style=\toks23
\thm@bodyfont=\toks24
\thm@headfont=\toks25
\thm@notefont=\toks26
\thm@headpunct=\toks27
\thm@preskip=\skip46
\thm@postskip=\skip47
\thm@headsep=\skip48
\dth@everypar=\toks28
)
("C:\Users\Chiara\AppData\Local\Programs\MiKTeX 2.9 a\tex\latex\amsfonts\amssym
b.sty"
Package: amssymb 2013/01/14 v3.01 AMS font symbols

("C:\Users\Chiara\AppData\Local\Programs\MiKTeX 2.9 a\tex\latex\amsfonts\amsfon
ts.sty"
Package: amsfonts 2013/01/14 v3.01 Basic AMSFonts support
\symAMSa=\mathgroup4
\symAMSb=\mathgroup5
LaTeX Font Info:    Overwriting math alphabet `\mathfrak' in version `bold'
(Font)                  U/euf/m/n --> U/euf/b/n on input line 106.
))
("C:\Users\Chiara\AppData\Local\Programs\MiKTeX 2.9 a\tex\latex\mathtools\matht
ools.sty"
Package: mathtools 2020/01/17 v1.23 mathematical typesetting tools

("C:\Users\Chiara\AppData\Local\Programs\MiKTeX 2.9 a\tex\latex\tools\calc.sty"
Package: calc 2014/10/28 v4.3 Infix arithmetic (KKT,FJ)
\calc@Acount=\count108
\calc@Bcount=\count109
\calc@Adimen=\dimen123
\calc@Bdimen=\dimen124
\calc@Askip=\skip49
\calc@Bskip=\skip50
LaTeX Info: Redefining \setlength on input line 80.
LaTeX Info: Redefining \addtolength on input line 81.
\calc@Ccount=\count110
\calc@Cskip=\skip51
)
("C:\Users\Chiara\AppData\Local\Programs\MiKTeX 2.9 a\tex\latex\mathtools\mhset
up.sty"
Package: mhsetup 2017/03/31 v1.3 programming setup (MH)
)
LaTeX Info: Thecontrolsequence`\('isalreadyrobust on input line 129.
LaTeX Info: Thecontrolsequence`\)'isalreadyrobust on input line 129.
LaTeX Info: Thecontrolsequence`\['isalreadyrobust on input line 129.
LaTeX Info: Thecontrolsequence`\]'isalreadyrobust on input line 129.
\g_MT_multlinerow_int=\count111
\l_MT_multwidth_dim=\dimen125
\origjot=\skip52
\l_MT_shortvdotswithinadjustabove_dim=\dimen126
\l_MT_shortvdotswithinadjustbelow_dim=\dimen127
\l_MT_above_intertext_sep=\dimen128
\l_MT_below_intertext_sep=\dimen129
\l_MT_above_shortintertext_sep=\dimen130
\l_MT_below_shortintertext_sep=\dimen131
)
("C:\Users\Chiara\AppData\Local\Programs\MiKTeX 2.9 a\tex\latex\enumitem\enumit
em.sty"
Package: enumitem 2011/09/28 v3.5.2 Customized lists
\labelindent=\skip53
\enit@outerparindent=\dimen132
\enit@toks=\toks29
\enit@inbox=\box28
\enitdp@description=\count112
)
("C:\Users\Chiara\AppData\Local\Programs\MiKTeX 2.9 a\tex\latex\filecontents\fi
lecontents.sty"
Package: filecontents 2019/09/20 v1.5 Create an external file from within a LaT
eX document
)
("C:\Users\Chiara\AppData\Local\Programs\MiKTeX 2.9 a\tex\latex\chngcntr\chngcn
tr.sty"
Package: chngcntr 2018/04/09 v1.1a change counter resetting
)
("C:\Users\Chiara\AppData\Local\Programs\MiKTeX 2.9 a\tex\latex\jknappen\mathrs
fs.sty"
Package: mathrsfs 1996/01/01 Math RSFS package v1.0 (jk)
\symrsfs=\mathgroup6
)
("C:\Users\Chiara\AppData\Local\Programs\MiKTeX 2.9 a\tex\latex\xcolor\xcolor.s
ty"
Package: xcolor 2016/05/11 v2.12 LaTeX color extensions (UK)

("C:\Users\Chiara\AppData\Local\Programs\MiKTeX 2.9 a\tex\latex\graphics-cfg\co
lor.cfg"
File: color.cfg 2016/01/02 v1.6 sample color configuration
)
Package xcolor Info: Driver file: pdftex.def on input line 225.
Package xcolor Info: Model `cmy' substituted by `cmy0' on input line 1348.
Package xcolor Info: Model `hsb' substituted by `rgb' on input line 1352.
Package xcolor Info: Model `RGB' extended on input line 1364.
Package xcolor Info: Model `HTML' substituted by `rgb' on input line 1366.
Package xcolor Info: Model `Hsb' substituted by `hsb' on input line 1367.
Package xcolor Info: Model `tHsb' substituted by `hsb' on input line 1368.
Package xcolor Info: Model `HSB' substituted by `hsb' on input line 1369.
Package xcolor Info: Model `Gray' substituted by `gray' on input line 1370.
Package xcolor Info: Model `wave' substituted by `hsb' on input line 1371.
)
("C:\Users\Chiara\AppData\Local\Programs\MiKTeX 2.9 a\tex\latex\caption\caption
.sty"
Package: caption 2018/10/05 v3.3-153 Customizing captions (AR)

("C:\Users\Chiara\AppData\Local\Programs\MiKTeX 2.9 a\tex\latex\caption\caption
3.sty"
Package: caption3 2018/09/12 v1.8c caption3 kernel (AR)
Package caption3 Info: TeX engine: e-TeX on input line 64.
\captionmargin=\dimen133
\captionmargin@=\dimen134
\captionwidth=\dimen135
\caption@tempdima=\dimen136
\caption@indent=\dimen137
\caption@parindent=\dimen138
\caption@hangindent=\dimen139
)
\c@caption@flags=\count113
\c@ContinuedFloat=\count114
)
("C:\Users\Chiara\AppData\Local\Programs\MiKTeX 2.9 a\tex\latex\biblatex\biblat
ex.sty"
Package: biblatex 2022/02/02 v3.17 programmable bibliographies (PK/MW)

("C:\Users\Chiara\AppData\Local\Programs\MiKTeX 2.9 a\tex\generic\oberdiek\pdft
excmds.sty"
Package: pdftexcmds 2018/01/21 v0.26 Utility functions of pdfTeX for LuaTeX (HO
)

("C:\Users\Chiara\AppData\Local\Programs\MiKTeX 2.9 a\tex\generic\oberdiek\infw
arerr.sty"
Package: infwarerr 2016/05/16 v1.4 Providing info/warning/error messages (HO)
)
("C:\Users\Chiara\AppData\Local\Programs\MiKTeX 2.9 a\tex\generic\oberdiek\iflu
atex.sty"
Package: ifluatex 2016/05/16 v1.4 Provides the ifluatex switch (HO)
Package ifluatex Info: LuaTeX not detected.
)
("C:\Users\Chiara\AppData\Local\Programs\MiKTeX 2.9 a\tex\generic\oberdiek\ltxc
mds.sty"
Package: ltxcmds 2016/05/16 v1.23 LaTeX kernel commands for general use (HO)
)
Package pdftexcmds Info: LuaTeX not detected.
Package pdftexcmds Info: \pdf@primitive is available.
Package pdftexcmds Info: \pdf@ifprimitive is available.
Package pdftexcmds Info: \pdfdraftmode found.
)

LaTeX Warning: You have requested, on input line 37, version
               `2018/01/30' of package pdftexcmds,
               but only version
               `2018/01/21 v0.26 Utility functions of pdfTeX for LuaTeX (HO)'
               is available.


("C:\Users\Chiara\AppData\Local\Programs\MiKTeX 2.9 a\tex\latex\oberdiek\kvopti
ons.sty"
Package: kvoptions 2016/05/16 v3.12 Key value format for package options (HO)

("C:\Users\Chiara\AppData\Local\Programs\MiKTeX 2.9 a\tex\generic\oberdiek\kvse
tkeys.sty"
Package: kvsetkeys 2016/05/16 v1.17 Key value parser (HO)

("C:\Users\Chiara\AppData\Local\Programs\MiKTeX 2.9 a\tex\generic\oberdiek\etex
cmds.sty"
Package: etexcmds 2016/05/16 v1.6 Avoid name clashes with e-TeX commands (HO)
Package etexcmds Info: Could not find \expanded.
(etexcmds)             That can mean that you are not using pdfTeX 1.50 or
(etexcmds)             that some package has redefined \expanded.
(etexcmds)             In the latter case, load this package earlier.
)))
("C:\Users\Chiara\AppData\Local\Programs\MiKTeX 2.9 a\tex\latex\logreq\logreq.s
ty"
Package: logreq 2010/08/04 v1.0 xml request logger
\lrq@indent=\count115

("C:\Users\Chiara\AppData\Local\Programs\MiKTeX 2.9 a\tex\latex\logreq\logreq.d
ef"
File: logreq.def 2010/08/04 v1.0 logreq spec v1.0
))
("C:\Users\Chiara\AppData\Local\Programs\MiKTeX 2.9 a\tex\latex\base\ifthen.sty
"
Package: ifthen 2014/09/29 v1.1c Standard LaTeX ifthen package (DPC)
) ("C:\Users\Chiara\AppData\Local\Programs\MiKTeX 2.9 a\tex\latex\url\url.sty"
\Urlmuskip=\muskip11
Package: url 2013/09/16  ver 3.4  Verb mode for urls, etc.
)
\c@tabx@nest=\count116
\c@listtotal=\count117
\c@listcount=\count118
\c@liststart=\count119
\c@liststop=\count120
\c@citecount=\count121
\c@citetotal=\count122
\c@multicitecount=\count123
\c@multicitetotal=\count124
\c@instcount=\count125
\c@maxnames=\count126
\c@minnames=\count127
\c@maxitems=\count128
\c@minitems=\count129
\c@citecounter=\count130
\c@maxcitecounter=\count131
\c@savedcitecounter=\count132
\c@uniquelist=\count133
\c@uniquename=\count134
\c@refsection=\count135
\c@refsegment=\count136
\c@maxextratitle=\count137
\c@maxextratitleyear=\count138
\c@maxextraname=\count139
\c@maxextradate=\count140
\c@maxextraalpha=\count141
\c@abbrvpenalty=\count142
\c@highnamepenalty=\count143
\c@lownamepenalty=\count144
\c@maxparens=\count145
\c@parenlevel=\count146
\blx@tempcnta=\count147
\blx@tempcntb=\count148
\blx@tempcntc=\count149
\c@blx@maxsection=\count150
\c@blx@maxsegment@0=\count151
\blx@notetype=\count152
\blx@parenlevel@text=\count153
\blx@parenlevel@foot=\count154
\c@blx@sectionciteorder@0=\count155
\blx@entrysetcounter=\count156
\blx@biblioinstance=\count157
\labelnumberwidth=\skip54
\labelalphawidth=\skip55
\biblabelsep=\skip56
\bibitemsep=\skip57
\bibnamesep=\skip58
\bibinitsep=\skip59
\bibparsep=\skip60
\bibhang=\skip61
\blx@bcfin=\read1
\blx@bcfout=\write3
\blx@langwohyphens=\language76
\c@mincomprange=\count158
\c@maxcomprange=\count159
\c@mincompwidth=\count160
Package biblatex Info: Trying to load biblatex default data model...
Package biblatex Info: ... file 'blx-dm.def' found.

("C:\Users\Chiara\AppData\Local\Programs\MiKTeX 2.9 a\tex\latex\biblatex\blx-dm
.def"
File: blx-dm.def 2022/02/02 v3.17 biblatex localization (PK/MW)
)
Package biblatex Info: Trying to load biblatex custom data model...
Package biblatex Info: ... file 'biblatex-dm.cfg' not found.
\c@afterword=\count161
\c@savedafterword=\count162
\c@annotator=\count163
\c@savedannotator=\count164
\c@author=\count165
\c@savedauthor=\count166
\c@bookauthor=\count167
\c@savedbookauthor=\count168
\c@commentator=\count169
\c@savedcommentator=\count170
\c@editor=\count171
\c@savededitor=\count172
\c@editora=\count173
\c@savededitora=\count174
\c@editorb=\count175
\c@savededitorb=\count176
\c@editorc=\count177
\c@savededitorc=\count178
\c@foreword=\count179
\c@savedforeword=\count180
\c@holder=\count181
\c@savedholder=\count182
\c@introduction=\count183
\c@savedintroduction=\count184
\c@namea=\count185
\c@savednamea=\count186
\c@nameb=\count187
\c@savednameb=\count188
\c@namec=\count189
\c@savednamec=\count190
\c@translator=\count191
\c@savedtranslator=\count192
\c@shortauthor=\count193
\c@savedshortauthor=\count194
\c@shorteditor=\count195
\c@savedshorteditor=\count196
\c@labelname=\count197
\c@savedlabelname=\count198
\c@institution=\count199
\c@savedinstitution=\count266
\c@lista=\count267
\c@savedlista=\count268
\c@listb=\count269
\c@savedlistb=\count270
\c@listc=\count271
\c@savedlistc=\count272
\c@listd=\count273
\c@savedlistd=\count274
\c@liste=\count275
\c@savedliste=\count276
\c@listf=\count277
\c@savedlistf=\count278
\c@location=\count279
\c@savedlocation=\count280
\c@organization=\count281
\c@savedorganization=\count282
\c@origlocation=\count283
\c@savedoriglocation=\count284
\c@origpublisher=\count285
\c@savedorigpublisher=\count286
\c@publisher=\count287
\c@savedpublisher=\count288
\c@language=\count289
\c@savedlanguage=\count290
\c@origlanguage=\count291
\c@savedoriglanguage=\count292
\c@pageref=\count293
\c@savedpageref=\count294
\shorthandwidth=\skip62
\shortjournalwidth=\skip63
\shortserieswidth=\skip64
\shorttitlewidth=\skip65
\shortauthorwidth=\skip66
\shorteditorwidth=\skip67
\locallabelnumberwidth=\skip68
\locallabelalphawidth=\skip69
\localshorthandwidth=\skip70
\localshortjournalwidth=\skip71
\localshortserieswidth=\skip72
\localshorttitlewidth=\skip73
\localshortauthorwidth=\skip74
\localshorteditorwidth=\skip75
Package biblatex Info: Trying to load compatibility code...
Package biblatex Info: ... file 'blx-compat.def' found.

("C:\Users\Chiara\AppData\Local\Programs\MiKTeX 2.9 a\tex\latex\biblatex\blx-co
mpat.def"
File: blx-compat.def 2022/02/02 v3.17 biblatex compatibility (PK/MW)
)
Package biblatex Info: Trying to load BibTeX backend compatibility...
Package biblatex Info: ... file 'blx-bibtex.def' found.

("C:\Users\Chiara\AppData\Local\Programs\MiKTeX 2.9 a\tex\latex\biblatex\blx-bi
btex.def"
File: blx-bibtex.def 2022/02/02 v3.17 biblatex compatibility (PK/MW)


Package biblatex Warning: Using fall-back BibTeX(8) backend:
(biblatex)                functionality may be reduced/unavailable.

)
Package biblatex Info: Trying to load generic definitions...
Package biblatex Info: ... file 'biblatex.def' found.

("C:\Users\Chiara\AppData\Local\Programs\MiKTeX 2.9 a\tex\latex\biblatex\biblat
ex.def"
File: biblatex.def 2022/02/02 v3.17 biblatex compatibility (PK/MW)
\c@textcitecount=\count295
\c@textcitetotal=\count296
\c@textcitemaxnames=\count297
\c@biburlbigbreakpenalty=\count298
\c@biburlbreakpenalty=\count299
\c@biburlnumpenalty=\count300
\c@biburlucpenalty=\count301
\c@biburllcpenalty=\count302
\biburlbigskip=\muskip12
\biburlnumskip=\muskip13
\biburlucskip=\muskip14
\biburllcskip=\muskip15
\c@smartand=\count303
)
Package biblatex Info: Trying to load bibliography style 'numeric'...
Package biblatex Info: ... file 'numeric.bbx' found.

("C:\Users\Chiara\AppData\Local\Programs\MiKTeX 2.9 a\tex\latex\biblatex\bbx\nu
meric.bbx"
File: numeric.bbx 2022/02/02 v3.17 biblatex bibliography style (PK/MW)
Package biblatex Info: Trying to load bibliography style 'standard'...
Package biblatex Info: ... file 'standard.bbx' found.

("C:\Users\Chiara\AppData\Local\Programs\MiKTeX 2.9 a\tex\latex\biblatex\bbx\st
andard.bbx"
File: standard.bbx 2022/02/02 v3.17 biblatex bibliography style (PK/MW)
\c@bbx:relatedcount=\count304
\c@bbx:relatedtotal=\count305
))
Package biblatex Info: Trying to load citation style 'numeric'...
Package biblatex Info: ... file 'numeric.cbx' found.

("C:\Users\Chiara\AppData\Local\Programs\MiKTeX 2.9 a\tex\latex\biblatex\cbx\nu
meric.cbx"
File: numeric.cbx 2022/02/02 v3.17 biblatex citation style (PK/MW)
Package biblatex Info: Redefining '\cite'.
Package biblatex Info: Redefining '\parencite'.
Package biblatex Info: Redefining '\footcite'.
Package biblatex Info: Redefining '\footcitetext'.
Package biblatex Info: Redefining '\smartcite'.
Package biblatex Info: Redefining '\supercite'.
Package biblatex Info: Redefining '\textcite'.
Package biblatex Info: Redefining '\textcites'.
Package biblatex Info: Redefining '\cites'.
Package biblatex Info: Redefining '\parencites'.
Package biblatex Info: Redefining '\smartcites'.
)
Package biblatex Info: Trying to load configuration file...
Package biblatex Info: ... file 'biblatex.cfg' found.

("C:\Users\Chiara\AppData\Local\Programs\MiKTeX 2.9 a\tex\latex\biblatex\biblat
ex.cfg"
File: biblatex.cfg 
)
Package biblatex Info: Input encoding 'utf8' detected.
Package biblatex Info: Document encoding is UTF8 ....

("C:\Users\Chiara\AppData\Local\Programs\MiKTeX 2.9 a\tex\latex\l3kernel\expl3.
sty"
Package: expl3 2018-09-24 L3 programming layer (loader) 

("C:\Users\Chiara\AppData\Local\Programs\MiKTeX 2.9 a\tex\latex\l3kernel\expl3-
code.tex"
Package: expl3 2018-09-24 L3 programming layer (code)
\c_max_int=\count306
\l_tmpa_int=\count307
\l_tmpb_int=\count308
\g_tmpa_int=\count309
\g_tmpb_int=\count310
\g__kernel_prg_map_int=\count311
\c_log_iow=\count312
\l_iow_line_count_int=\count313
\l__iow_line_target_int=\count314
\l__iow_one_indent_int=\count315
\l__iow_indent_int=\count316
\c_zero_dim=\dimen140
\c_max_dim=\dimen141
\l_tmpa_dim=\dimen142
\l_tmpb_dim=\dimen143
\g_tmpa_dim=\dimen144
\g_tmpb_dim=\dimen145
\c_zero_skip=\skip76
\c_max_skip=\skip77
\l_tmpa_skip=\skip78
\l_tmpb_skip=\skip79
\g_tmpa_skip=\skip80
\g_tmpb_skip=\skip81
\c_zero_muskip=\muskip16
\c_max_muskip=\muskip17
\l_tmpa_muskip=\muskip18
\l_tmpb_muskip=\muskip19
\g_tmpa_muskip=\muskip20
\g_tmpb_muskip=\muskip21
\l_keys_choice_int=\count317
\l__intarray_loop_int=\count318
\c__intarray_sp_dim=\dimen146
\g__intarray_font_int=\count319
\c__fp_leading_shift_int=\count320
\c__fp_middle_shift_int=\count321
\c__fp_trailing_shift_int=\count322
\c__fp_big_leading_shift_int=\count323
\c__fp_big_middle_shift_int=\count324
\c__fp_big_trailing_shift_int=\count325
\c__fp_Bigg_leading_shift_int=\count326
\c__fp_Bigg_middle_shift_int=\count327
\c__fp_Bigg_trailing_shift_int=\count328
\c__kernel_randint_max_int=\count329
\g__fp_array_int=\count330
\l__fp_array_loop_int=\count331
\l__sort_length_int=\count332
\l__sort_min_int=\count333
\l__sort_top_int=\count334
\l__sort_max_int=\count335
\l__sort_true_max_int=\count336
\l__sort_block_int=\count337
\l__sort_begin_int=\count338
\l__sort_end_int=\count339
\l__sort_A_int=\count340
\l__sort_B_int=\count341
\l__sort_C_int=\count342
\l__tl_analysis_normal_int=\count343
\l__tl_analysis_index_int=\count344
\l__tl_analysis_nesting_int=\count345
\l__tl_analysis_type_int=\count346
\l__regex_internal_a_int=\count347
\l__regex_internal_b_int=\count348
\l__regex_internal_c_int=\count349
\l__regex_balance_int=\count350
\l__regex_group_level_int=\count351
\l__regex_mode_int=\count352
\c__regex_cs_in_class_mode_int=\count353
\c__regex_cs_mode_int=\count354
\l__regex_catcodes_int=\count355
\l__regex_default_catcodes_int=\count356
\c__regex_catcode_D_int=\count357
\c__regex_catcode_S_int=\count358
\c__regex_catcode_L_int=\count359
\c__regex_catcode_O_int=\count360
\c__regex_catcode_A_int=\count361
\c__regex_all_catcodes_int=\count362
\l__regex_show_lines_int=\count363
\l__regex_min_state_int=\count364
\l__regex_max_state_int=\count365
\l__regex_left_state_int=\count366
\l__regex_right_state_int=\count367
\l__regex_capturing_group_int=\count368
\l__regex_min_pos_int=\count369
\l__regex_max_pos_int=\count370
\l__regex_curr_pos_int=\count371
\l__regex_start_pos_int=\count372
\l__regex_success_pos_int=\count373
\l__regex_curr_char_int=\count374
\l__regex_curr_catcode_int=\count375
\l__regex_last_char_int=\count376
\l__regex_case_changed_char_int=\count377
\l__regex_curr_state_int=\count378
\l__regex_step_int=\count379
\l__regex_min_active_int=\count380
\l__regex_max_active_int=\count381
\l__regex_replacement_csnames_int=\count382
\l__regex_match_count_int=\count383
\l__regex_min_submatch_int=\count384
\l__regex_submatch_int=\count385
\l__regex_zeroth_submatch_int=\count386
\g__regex_trace_regex_int=\count387
\c_empty_box=\box29
\l_tmpa_box=\box30
\l_tmpb_box=\box31
\g_tmpa_box=\box32
\g_tmpb_box=\box33
\l__box_top_dim=\dimen147
\l__box_bottom_dim=\dimen148
\l__box_left_dim=\dimen149
\l__box_right_dim=\dimen150
\l__box_top_new_dim=\dimen151
\l__box_bottom_new_dim=\dimen152
\l__box_left_new_dim=\dimen153
\l__box_right_new_dim=\dimen154
\l__box_internal_box=\box34
\l__coffin_internal_box=\box35
\l__coffin_internal_dim=\dimen155
\l__coffin_offset_x_dim=\dimen156
\l__coffin_offset_y_dim=\dimen157
\l__coffin_x_dim=\dimen158
\l__coffin_y_dim=\dimen159
\l__coffin_x_prime_dim=\dimen160
\l__coffin_y_prime_dim=\dimen161
\c_empty_coffin=\box36
\l__coffin_aligned_coffin=\box37
\l__coffin_aligned_internal_coffin=\box38
\l_tmpa_coffin=\box39
\l_tmpb_coffin=\box40
\l__coffin_display_coffin=\box41
\l__coffin_display_coord_coffin=\box42
\l__coffin_display_pole_coffin=\box43
\l__coffin_display_offset_dim=\dimen162
\l__coffin_display_x_dim=\dimen163
\l__coffin_display_y_dim=\dimen164
\g__file_internal_ior=\read2
\l__coffin_bounding_shift_dim=\dimen165
\l__coffin_left_corner_dim=\dimen166
\l__coffin_right_corner_dim=\dimen167
\l__coffin_bottom_corner_dim=\dimen168
\l__coffin_top_corner_dim=\dimen169
\l__coffin_scaled_total_height_dim=\dimen170
\l__coffin_scaled_width_dim=\dimen171
\l__seq_internal_a_int=\count388
\l__seq_internal_b_int=\count389
)
("C:\Users\Chiara\AppData\Local\Programs\MiKTeX 2.9 a\tex\latex\l3kernel\l3pdfm
ode.def"
File: l3pdfmode.def 2018-09-24 v L3 Experimental driver: PDF mode
\l__driver_color_stack_int=\count390
))

LaTeX Warning: You have requested, on input line 15935, version
               `2020/04/06' of package expl3,
               but only version
               `2018-09-24 L3 programming layer (loader) '
               is available.

Package biblatex Info: ... but expl3
(biblatex)             2018-09-24 L3 programming layer (loader) 
(biblatex)             is too old (older than 2020/04/06),
(biblatex)             setting 'casechanger=latex2e'.

("C:\Users\Chiara\AppData\Local\Programs\MiKTeX 2.9 a\tex\latex\biblatex\blx-ca
se-latex2e.sty"
Package: blx-case-latex2e 2022/02/02 v3.17 biblatex compatibility (PK/MW)
))
("C:\Users\Chiara\AppData\Local\Programs\MiKTeX 2.9 a\tex\latex\setspace\setspa
ce.sty"
Package: setspace 2011/12/19 v6.7a set line spacing
)
\c@teo=\count391
LaTeX Info: Redefining \bfseries on input line 57.


Package biblatex Warning: 'babel/polyglossia' detected but 'csquotes' missing.
(biblatex)                Loading 'csquotes' recommended.

\@quotelevel=\count392
\@quotereset=\count393
(main.aux)
\openout1 = `main.aux'.

LaTeX Font Info:    Checking defaults for OML/cmm/m/it on input line 67.
LaTeX Font Info:    ... okay on input line 67.
LaTeX Font Info:    Checking defaults for T1/cmr/m/n on input line 67.
LaTeX Font Info:    ... okay on input line 67.
LaTeX Font Info:    Checking defaults for OT1/cmr/m/n on input line 67.
LaTeX Font Info:    ... okay on input line 67.
LaTeX Font Info:    Checking defaults for OMS/cmsy/m/n on input line 67.
LaTeX Font Info:    ... okay on input line 67.
LaTeX Font Info:    Checking defaults for OMX/cmex/m/n on input line 67.
LaTeX Font Info:    ... okay on input line 67.
LaTeX Font Info:    Checking defaults for U/cmr/m/n on input line 67.
LaTeX Font Info:    ... okay on input line 67.
LaTeX Info: Redefining \it@ocap on input line 67.
LaTeX Info: Redefining \it@ccap on input line 67.


File italian.ldf warning: 
italian.ldf    With OT1 encoding guillemets are poorly faked
italian.ldf    Use T1 encoding
italian.ldf    or specify a font with command \CaporaliFrom
italian.ldf    See the documentation concerning the babel-italian typesetting 
italian.ldf    on input line 67.


("C:\Users\Chiara\AppData\Local\Programs\MiKTeX 2.9 a\tex\context\base\supp-pdf
.mkii"
[Loading MPS to PDF converter (version 2006.09.02).]
\scratchcounter=\count394
\scratchdimen=\dimen172
\scratchbox=\box44
\nofMPsegments=\count395
\nofMParguments=\count396
\everyMPshowfont=\toks30
\MPscratchCnt=\count397
\MPscratchDim=\dimen173
\MPnumerator=\count398
\makeMPintoPDFobject=\count399
\everyMPtoPDFconversion=\toks31
)
("C:\Users\Chiara\AppData\Local\Programs\MiKTeX 2.9 a\tex\latex\oberdiek\epstop
df-base.sty"
Package: epstopdf-base 2016/05/15 v2.6 Base part for package epstopdf

("C:\Users\Chiara\AppData\Local\Programs\MiKTeX 2.9 a\tex\latex\oberdiek\grfext
.sty"
Package: grfext 2016/05/16 v1.2 Manage graphics extensions (HO)

("C:\Users\Chiara\AppData\Local\Programs\MiKTeX 2.9 a\tex\generic\oberdiek\kvde
finekeys.sty"
Package: kvdefinekeys 2016/05/16 v1.4 Define keys (HO)
))
Package epstopdf-base Info: Redefining graphics rule for `.eps' on input line 4
38.
Package grfext Info: Graphics extension search list:
(grfext)             [.pdf,.png,.jpg,.mps,.jpeg,.jbig2,.jb2,.PDF,.PNG,.JPG,.JPE
G,.JBIG2,.JB2,.eps]
(grfext)             \AppendGraphicsExtensions on input line 456.
)
*geometry* driver: auto-detecting
*geometry* detected driver: pdftex
*geometry* verbose mode - [ preamble ] result:
* driver: pdftex
* paper: a4paper
* layout: <same size as paper>
* layoutoffset:(h,v)=(0.0pt,0.0pt)
* modes: twoside 
* h-part:(L,W,R)=(85.35826pt, 426.79135pt, 85.35826pt)
* v-part:(T,H,B)=(85.35826pt, 674.33032pt, 85.35826pt)
* \paperwidth=597.50787pt
* \paperheight=845.04684pt
* \textwidth=426.79135pt
* \textheight=674.33032pt
* \oddsidemargin=13.08827pt
* \evensidemargin=13.08827pt
* \topmargin=-23.91173pt
* \headheight=12.0pt
* \headsep=25.0pt
* \topskip=10.0pt
* \footskip=30.0pt
* \marginparwidth=111.0pt
* \marginparsep=11.0pt
* \columnsep=10.0pt
* \skip\footins=11.69997pt plus 5.19942pt minus 2.60054pt
* \hoffset=0.0pt
* \voffset=0.0pt
* \mag=1000
* \@twocolumnfalse
* \@twosidetrue
* \@mparswitchtrue
* \@reversemarginfalse
* (1in=72.27pt=25.4mm, 1cm=28.453pt)

Package caption Info: Begin \AtBeginDocument code.
Package caption Info: End \AtBeginDocument code.
Package biblatex Info: Trying to load language 'italian'...
Package biblatex Info: ... file 'italian.lbx' found.

("C:\Users\Chiara\AppData\Local\Programs\MiKTeX 2.9 a\tex\latex\biblatex\lbx\it
alian.lbx"
File: italian.lbx 2022/02/02 v3.17 biblatex localization (PK/MW)
)
Package biblatex Info: Trying to load language 'english'...
Package biblatex Info: ... file 'english.lbx' found.

("C:\Users\Chiara\AppData\Local\Programs\MiKTeX 2.9 a\tex\latex\biblatex\lbx\en
glish.lbx"
File: english.lbx 2022/02/02 v3.17 biblatex localization (PK/MW)
)
Package biblatex Info: Input encoding 'utf8' detected.
Package biblatex Info: Automatic encoding selection.
(biblatex)             Assuming data encoding 'utf8'.
Package biblatex Info: Input encoding 'utf8' detected.
Package biblatex Info: Data encoding 'utf8' specified.
(biblatex)             No need to reencode data.
\openout3 = `main-blx.bib'.

Package biblatex Info: Trying to load bibliographic data...
Package biblatex Info: ... file 'main.bbl' found.
 (main.bbl)
Package biblatex Info: Reference section=0 on input line 67.
Package biblatex Info: Reference segment=0 on input line 67.
 (frontespizio.tex
Package epstopdf Info: Source file: <cherubino_pant541.eps>
(epstopdf)                    date: 2022-03-08 09:42:16
(epstopdf)                    size: 259277 bytes
(epstopdf)             Output file: <cherubino_pant541-eps-converted-to.pdf>
(epstopdf)                    date: 2022-03-08 09:47:02
(epstopdf)                    size: 40023 bytes
(epstopdf)             Command: <epstopdf --outfile=cherubino_pant541-eps-conve
rted-to.pdf cherubino_pant541.eps>
(epstopdf)             \includegraphics on input line 4.
Package epstopdf Info: Output file is already uptodate.
<cherubino_pant541-eps-converted-to.pdf, id=1, 288.07625pt x 294.09875pt>
File: cherubino_pant541-eps-converted-to.pdf Graphic file (type pdf)
<use cherubino_pant541-eps-converted-to.pdf>
Package pdftex.def Info: cherubino_pant541-eps-converted-to.pdf  used on input 
line 4.
(pdftex.def)             Requested size: 144.03777pt x 147.04901pt.


LaTeX Font Warning: Font shape `OT1/cmr/m/n' in size <22.46396> not available
(Font)              size <20.74> substituted on input line 8.


LaTeX Font Warning: Font shape `OT1/cmr/m/sc' in size <22.46396> not available
(Font)              size <20.74> substituted on input line 8.


LaTeX Font Warning: Font shape `OT1/cmr/m/n' in size <15.59996> not available
(Font)              size <14.4> substituted on input line 10.


LaTeX Font Warning: Font shape `OT1/cmr/m/sc' in size <15.59996> not available
(Font)              size <14.4> substituted on input line 10.


LaTeX Font Warning: Font shape `OT1/cmr/bx/n' in size <22.46396> not available
(Font)              size <20.74> substituted on input line 17.

LaTeX Font Info:    Calculating math sizes for size <22.46396> on input line 17
.

LaTeX Font Warning: Font shape `OT1/cmr/m/n' in size <15.7247> not available
(Font)              size <14.4> substituted on input line 17.


LaTeX Font Warning: Font shape `OML/cmm/m/it' in size <22.46396> not available
(Font)              size <20.74> substituted on input line 17.


LaTeX Font Warning: Font shape `OML/cmm/m/it' in size <15.7247> not available
(Font)              size <14.4> substituted on input line 17.


LaTeX Font Warning: Font shape `OMS/cmsy/m/n' in size <22.46396> not available
(Font)              size <20.74> substituted on input line 17.


LaTeX Font Warning: Font shape `OMS/cmsy/m/n' in size <15.7247> not available
(Font)              size <14.4> substituted on input line 17.

LaTeX Font Info:    Try loading font information for U+msa on input line 17.

("C:\Users\Chiara\AppData\Local\Programs\MiKTeX 2.9 a\tex\latex\amsfonts\umsa.f
d"
File: umsa.fd 2013/01/14 v3.01 AMS symbols A
)
LaTeX Font Info:    Try loading font information for U+msb on input line 17.

("C:\Users\Chiara\AppData\Local\Programs\MiKTeX 2.9 a\tex\latex\amsfonts\umsb.f
d"
File: umsb.fd 2013/01/14 v3.01 AMS symbols B
)
LaTeX Font Info:    Try loading font information for U+rsfs on input line 17.

("C:\Users\Chiara\AppData\Local\Programs\MiKTeX 2.9 a\tex\latex\jknappen\ursfs.
fd"
File: ursfs.fd 1998/03/24 rsfs font definition file (jk)
)

LaTeX Font Warning: Font shape `U/rsfs/m/n' in size <22.46396> not available
(Font)              size <20.74> substituted on input line 17.


LaTeX Font Warning: Font shape `U/rsfs/m/n' in size <15.7247> not available
(Font)              size <14.4> substituted on input line 17.


LaTeX Font Warning: Font shape `OT1/cmr/bx/n' in size <13> not available
(Font)              size <12> substituted on input line 23.


LaTeX Font Warning: Font shape `OT1/cmr/bx/n' in size <15.59996> not available
(Font)              size <14.4> substituted on input line 23.

LaTeX Font Info:    Calculating math sizes for size <15.59996> on input line 23
.

LaTeX Font Warning: Font shape `OML/cmm/m/it' in size <15.59996> not available
(Font)              size <14.4> substituted on input line 23.


LaTeX Font Warning: Font shape `OMS/cmsy/m/n' in size <15.59996> not available
(Font)              size <14.4> substituted on input line 23.


LaTeX Font Warning: Font shape `U/rsfs/m/n' in size <15.59996> not available
(Font)              size <14.4> substituted on input line 23.

[1

{C:/Users/Chiara/AppData/Local/MiKTeX/2.9/pdftex/config/pdftex.map} <./cherubin
o_pant541-eps-converted-to.pdf>])

LaTeX Font Warning: Font shape `OT1/cmr/m/n' in size <18.72003> not available
(Font)              size <17.28> substituted on input line 73.


LaTeX Font Warning: Font shape `OT1/cmr/bx/n' in size <18.72003> not available
(Font)              size <17.28> substituted on input line 73.

LaTeX Font Info:    Calculating math sizes for size <13> on input line 73.

LaTeX Font Warning: Font shape `OT1/cmr/m/n' in size <6.5> not available
(Font)              size <6> substituted on input line 73.


LaTeX Font Warning: Font shape `OML/cmm/m/it' in size <13> not available
(Font)              size <12> substituted on input line 73.


LaTeX Font Warning: Font shape `OML/cmm/m/it' in size <6.5> not available
(Font)              size <6> substituted on input line 73.


LaTeX Font Warning: Font shape `OMS/cmsy/m/n' in size <13> not available
(Font)              size <12> substituted on input line 73.


LaTeX Font Warning: Font shape `OMS/cmsy/m/n' in size <6.5> not available
(Font)              size <6> substituted on input line 73.


LaTeX Font Warning: Font shape `U/rsfs/m/n' in size <13> not available
(Font)              size <12> substituted on input line 73.


LaTeX Font Warning: Font shape `U/rsfs/m/n' in size <6.5> not available
(Font)              size <6> substituted on input line 73.

(main.toc

LaTeX Font Warning: Font shape `OT1/cmr/bx/n' in size <6.5> not available
(Font)              size <6> substituted on input line 6.


LaTeX Font Warning: Font shape `OML/cmm/b/it' in size <13> not available
(Font)              size <12> substituted on input line 6.


LaTeX Font Warning: Font shape `OML/cmm/b/it' in size <6.5> not available
(Font)              size <6> substituted on input line 6.


LaTeX Font Warning: Font shape `OMS/cmsy/b/n' in size <13> not available
(Font)              size <12> substituted on input line 6.


LaTeX Font Warning: Font shape `OMS/cmsy/b/n' in size <6.5> not available
(Font)              size <6> substituted on input line 6.

)
\tf@toc=\write4
\openout4 = `main.toc'.



LaTeX Font Warning: Font shape `OT1/cmr/m/sl' in size <13> not available
(Font)              size <12> substituted on input line 74.

[2]
Underfull \hbox (badness 10000) in paragraph at lines 78--85

 []


LaTeX Warning: Command \textellipsis invalid in math mode on input line 88.


Underfull \hbox (badness 10000) in paragraph at lines 86--89

 []


Underfull \hbox (badness 10000) in paragraph at lines 90--92

 []


LaTeX Font Warning: Font shape `OT1/cmr/m/it' in size <13> not available
(Font)              size <12> substituted on input line 94.

[3

]
Underfull \hbox (badness 10000) in paragraph at lines 98--99

 []


Underfull \hbox (badness 10000) in paragraph at lines 100--103

 []


Overfull \hbox (0.64198pt too wide) in paragraph at lines 107--109
\OT1/cmr/m/it/12 Un in-sie-me $\OML/cmm/m/it/12 A$ \OT1/cmr/m/it/12 e $\OML/cm
m/m/it/12  \OMS/cmsy/m/n/12   \OML/cmm/m/it/12 misurabile$ \OT1/cmr/m/it/12 se
 per ogni $\OML/cmm/m/it/12 " > \OT1/cmr/m/n/12 0$ \OT1/cmr/m/it/12 esi-ste $\O
ML/cmm/m/it/12 A[] \OMS/cmsy/m/n/12 2 A$ \OT1/cmr/m/it/12 ta-le che $\OML/cmm/m
/it/12 []\OT1/cmr/m/n/12 (\OML/cmm/m/it/12 A \OT1/cmr/m/n/12  \OML/cmm/m/it/1
2 A[]\OT1/cmr/m/n/12 ) \OML/cmm/m/it/12 <
 []

[4] [5]
Underfull \hbox (badness 10000) in paragraph at lines 133--136

 []


Underfull \hbox (badness 10000) in paragraph at lines 137--139

 []

[6] [7]
LaTeX Font Info:    Try loading font information for OMS+cmr on input line 197.


("C:\Users\Chiara\AppData\Local\Programs\MiKTeX 2.9 a\tex\latex\base\omscmr.fd"
File: omscmr.fd 2014/09/29 v2.5h Standard LaTeX font definitions
)
LaTeX Font Info:    Font shape `OMS/cmr/m/it' in size <13> not available
(Font)              Font shape `OMS/cmsy/m/n' tried instead on input line 197.


LaTeX Font Warning: Font shape `OMS/cmsy/m/n' in size <13> not available
(Font)              size <12> substituted on input line 197.


Underfull \hbox (badness 10000) in paragraph at lines 216--219

 []

[8]
LaTeX Font Info:    Font shape `OMS/cmr/m/n' in size <13> not available
(Font)              Font shape `OMS/cmsy/m/n' tried instead on input line 223.


LaTeX Font Warning: Font shape `OMS/cmsy/m/n' in size <13> not available
(Font)              size <12> substituted on input line 223.

[9]
Underfull \hbox (badness 10000) in paragraph at lines 278--281

 []

[10]
Underfull \hbox (badness 10000) in paragraph at lines 282--285

 []


Underfull \hbox (badness 10000) in paragraph at lines 286--290

 []

[11]
Underfull \hbox (badness 10000) in paragraph at lines 300--303

 []

[12] [13]
LaTeX Font Info:    Calculating math sizes for size <18.72003> on input line 31
8.


LaTeX Font Warning: Font shape `OT1/cmr/bx/n' in size <13.10396> not available
(Font)              size <12> substituted on input line 318.


LaTeX Font Warning: Font shape `OML/cmm/b/it' in size <18.72003> not available
(Font)              size <17.28> substituted on input line 318.


LaTeX Font Warning: Font shape `OML/cmm/b/it' in size <13.10396> not available
(Font)              size <12> substituted on input line 318.


LaTeX Font Warning: Font shape `OMS/cmsy/b/n' in size <18.72003> not available
(Font)              size <17.28> substituted on input line 318.


LaTeX Font Warning: Font shape `OMS/cmsy/b/n' in size <13.10396> not available
(Font)              size <12> substituted on input line 318.


LaTeX Font Warning: Font shape `U/rsfs/m/n' in size <18.72003> not available
(Font)              size <17.28> substituted on input line 318.


LaTeX Font Warning: Font shape `U/rsfs/m/n' in size <13.10396> not available
(Font)              size <12> substituted on input line 318.


Overfull \hbox (11.67401pt too wide) in paragraph at lines 324--326
\OT1/cmr/m/it/12 L'operazione di Su-slin (o A-operazione) in $\OMS/cmsy/m/n/12 
E$ \OT1/cmr/m/it/12 as-so-cia a ogni sche-ma di Su-slin $[]$
 []


LaTeX Font Warning: Font shape `OT1/cmr/m/it' in size <6.5> not available
(Font)              size <6> substituted on input line 343.

[14]
Underfull \hbox (badness 10000) in paragraph at lines 357--358

 []


Overfull \hbox (2.13022pt too wide) in paragraph at lines 368--369
[]\OT1/cmr/m/n/12 Ovviamente $\OML/cmm/m/it/12 S\OT1/cmr/m/n/12 (\OMS/cmsy/m/n/
12 E\OT1/cmr/m/n/12 ) \OMS/cmsy/m/n/12  \OML/cmm/m/it/12 S\OT1/cmr/m/n/12 (\OM
L/cmm/m/it/12 S\OT1/cmr/m/n/12 (\OMS/cmsy/m/n/12 E\OT1/cmr/m/n/12 ))$. Per l'al
-tra in-clu-sio-ne, sia-no $\OML/cmm/m/it/12 A[] \OMS/cmsy/m/n/12 2
 []

[15] [16] [17] [18]
Underfull \hbox (badness 10000) in paragraph at lines 449--451

 []


Underfull \hbox (badness 10000) in paragraph at lines 452--455

 []


Underfull \hbox (badness 10000) in paragraph at lines 456--457

 []

[19] [20]
Underfull \hbox (badness 10000) in paragraph at lines 500--505

 []

[21]
Underfull \hbox (badness 10000) in paragraph at lines 506--511

 []


Underfull \hbox (badness 10000) in paragraph at lines 513--515

 []

[22]
Underfull \hbox (badness 10000) in paragraph at lines 528--531

 []

[23]
<passo1grigio.png, id=100, 1028.34187pt x 659.46375pt>
File: passo1grigio.png Graphic file (type png)
<use passo1grigio.png>
Package pdftex.def Info: passo1grigio.png  used on input line 562.
(pdftex.def)             Requested size: 256.0806pt x 142.26494pt.

Underfull \hbox (badness 10000) in paragraph at lines 568--569

 []

<passi123grigio.png, id=102, 1159.33125pt x 590.205pt>
File: passi123grigio.png Graphic file (type png)
<use passi123grigio.png>
Package pdftex.def Info: passi123grigio.png  used on input line 571.
(pdftex.def)             Requested size: 256.062pt x 142.25548pt.
[24 <./passo1grigio.png> <./passi123grigio.png>]
<direzioni.png, id=108, 512.41437pt x 394.97563pt>
File: direzioni.png Graphic file (type png)
<use direzioni.png>
Package pdftex.def Info: direzioni.png  used on input line 581.
(pdftex.def)             Requested size: 256.07741pt x 197.38486pt.

Underfull \hbox (badness 10000) in paragraph at lines 587--590

 []


Underfull \hbox (badness 10000) in paragraph at lines 591--593

 []

[25 <./direzioni.png>]
Underfull \hbox (badness 10000) in paragraph at lines 611--615

 []

<disegno.png, id=114, 575.90157pt x 340.27126pt>
File: disegno.png Graphic file (type png)
<use disegno.png>
Package pdftex.def Info: disegno.png  used on input line 617.
(pdftex.def)             Requested size: 256.07741pt x 151.3086pt.

LaTeX Warning: `!h' float specifier changed to `!ht'.

[26] [27 <./disegno.png>] [28] (main.aux)

LaTeX Font Warning: Size substitutions with differences
(Font)              up to 1.72395pt have occurred.

Package logreq Info: Writing requests to 'main.run.xml'.
\openout1 = `main.run.xml'.

 ) 
Here is how much of TeX's memory you used:
 23506 strings out of 493305
 428147 string characters out of 3128503
 703373 words of memory out of 3000000
 26807 multiletter control sequences out of 15000+200000
 554252 words of font info for 110 fonts, out of 3000000 for 9000
 1141 hyphenation exceptions out of 8191
 47i,10n,73p,1841b,1303s stack positions out of 5000i,500n,10000p,200000b,50000s
<C:/Users/Chiara/AppData/Local/Programs/MiKTeX 2.9 a/fonts/type1/public/amsfo
nts/cm/cmbsy10.pfb><C:/Users/Chiara/AppData/Local/Programs/MiKTeX 2.9 a/fonts/t
ype1/public/amsfonts/cmextra/cmbsy9.pfb><C:/Users/Chiara/AppData/Local/Programs
/MiKTeX 2.9 a/fonts/type1/public/amsfonts/cm/cmbx12.pfb><C:/Users/Chiara/AppDat
a/Local/Programs/MiKTeX 2.9 a/fonts/type1/public/amsfonts/cm/cmbx6.pfb><C:/User
s/Chiara/AppData/Local/Programs/MiKTeX 2.9 a/fonts/type1/public/amsfonts/cm/cmb
x9.pfb><C:/Users/Chiara/AppData/Local/Programs/MiKTeX 2.9 a/fonts/type1/public/
amsfonts/cm/cmcsc10.pfb><C:/Users/Chiara/AppData/Local/Programs/MiKTeX 2.9 a/fo
nts/type1/public/amsfonts/cm/cmex10.pfb><C:/Users/Chiara/AppData/Local/Programs
/MiKTeX 2.9 a/fonts/type1/public/amsfonts/cm/cmmi12.pfb><C:/Users/Chiara/AppDat
a/Local/Programs/MiKTeX 2.9 a/fonts/type1/public/amsfonts/cm/cmmi6.pfb><C:/User
s/Chiara/AppData/Local/Programs/MiKTeX 2.9 a/fonts/type1/public/amsfonts/cm/cmm
i9.pfb><C:/Users/Chiara/AppData/Local/Programs/MiKTeX 2.9 a/fonts/type1/public/
amsfonts/cm/cmmib10.pfb><C:/Users/Chiara/AppData/Local/Programs/MiKTeX 2.9 a/fo
nts/type1/public/amsfonts/cm/cmr12.pfb><C:/Users/Chiara/AppData/Local/Programs/
MiKTeX 2.9 a/fonts/type1/public/amsfonts/cm/cmr17.pfb><C:/Users/Chiara/AppData/
Local/Programs/MiKTeX 2.9 a/fonts/type1/public/amsfonts/cm/cmr6.pfb><C:/Users/C
hiara/AppData/Local/Programs/MiKTeX 2.9 a/fonts/type1/public/amsfonts/cm/cmr9.p
fb><C:/Users/Chiara/AppData/Local/Programs/MiKTeX 2.9 a/fonts/type1/public/amsf
onts/cm/cmsl12.pfb><C:/Users/Chiara/AppData/Local/Programs/MiKTeX 2.9 a/fonts/t
ype1/public/amsfonts/cm/cmsy10.pfb><C:/Users/Chiara/AppData/Local/Programs/MiKT
eX 2.9 a/fonts/type1/public/amsfonts/cm/cmsy6.pfb><C:/Users/Chiara/AppData/Loca
l/Programs/MiKTeX 2.9 a/fonts/type1/public/amsfonts/cm/cmsy9.pfb><C:/Users/Chia
ra/AppData/Local/Programs/MiKTeX 2.9 a/fonts/type1/public/amsfonts/cm/cmti12.pf
b><C:/Users/Chiara/AppData/Local/Programs/MiKTeX 2.9 a/fonts/type1/public/amsfo
nts/symbols/msbm10.pfb>
Output written on main.pdf (28 pages, 651476 bytes).
PDF statistics:
 190 PDF objects out of 1000 (max. 8388607)
 0 named destinations out of 1000 (max. 500000)
 26 words of extra memory for PDF output out of 10000 (max. 10000000)

