This is pdfTeX, Version 3.14159265-2.6-1.40.19 (MiKTeX 2.9.6630) (preloaded format=pdflatex 2018.6.14)  9 JUN 2022 21:33
entering extended mode
**./Davies.tex
(Davies.tex
LaTeX2e <2017-04-15>
Babel <3.18> and hyphenation patterns for 75 language(s) loaded.

("C:\Users\Chiara\AppData\Local\Programs\MiKTeX 2.9 a\tex\latex\beamer\beamer.c
ls"
Document Class: beamer 2021/02/09 v3.61 A class for typesetting presentations

("C:\Users\Chiara\AppData\Local\Programs\MiKTeX 2.9 a\tex\latex\beamer\beamerba
semodes.sty"
("C:\Users\Chiara\AppData\Local\Programs\MiKTeX 2.9 a\tex\latex\etoolbox\etoolb
ox.sty"
Package: etoolbox 2018/02/11 v2.5e e-TeX tools for LaTeX (JAW)
\etb@tempcnta=\count79
)
\beamer@tempbox=\box26
\beamer@tempcount=\count80
\c@beamerpauses=\count81

("C:\Users\Chiara\AppData\Local\Programs\MiKTeX 2.9 a\tex\latex\beamer\beamerba
sedecode.sty"
\beamer@slideinframe=\count82
\beamer@minimum=\count83
\beamer@decode@box=\box27
)
\beamer@commentbox=\box28
\beamer@modecount=\count84
)
("C:\Users\Chiara\AppData\Local\Programs\MiKTeX 2.9 a\tex\generic\oberdiek\ifpd
f.sty"
Package: ifpdf 2017/03/15 v3.2 Provides the ifpdf switch
)
\headdp=\dimen102
\footheight=\dimen103
\sidebarheight=\dimen104
\beamer@tempdim=\dimen105
\beamer@finalheight=\dimen106
\beamer@animht=\dimen107
\beamer@animdp=\dimen108
\beamer@animwd=\dimen109
\beamer@leftmargin=\dimen110
\beamer@rightmargin=\dimen111
\beamer@leftsidebar=\dimen112
\beamer@rightsidebar=\dimen113
\beamer@boxsize=\dimen114
\beamer@vboxoffset=\dimen115
\beamer@descdefault=\dimen116
\beamer@descriptionwidth=\dimen117
\beamer@lastskip=\skip41
\beamer@areabox=\box29
\beamer@animcurrent=\box30
\beamer@animshowbox=\box31
\beamer@sectionbox=\box32
\beamer@logobox=\box33
\beamer@linebox=\box34
\beamer@sectioncount=\count85
\beamer@subsubsectionmax=\count86
\beamer@subsectionmax=\count87
\beamer@sectionmax=\count88
\beamer@totalheads=\count89
\beamer@headcounter=\count90
\beamer@partstartpage=\count91
\beamer@sectionstartpage=\count92
\beamer@subsectionstartpage=\count93
\beamer@animationtempa=\count94
\beamer@animationtempb=\count95
\beamer@xpos=\count96
\beamer@ypos=\count97
\beamer@ypos@offset=\count98
\beamer@showpartnumber=\count99
\beamer@currentsubsection=\count100
\beamer@coveringdepth=\count101
\beamer@sectionadjust=\count102
\beamer@tocsectionnumber=\count103

("C:\Users\Chiara\AppData\Local\Programs\MiKTeX 2.9 a\tex\latex\beamer\beamerba
seoptions.sty"
("C:\Users\Chiara\AppData\Local\Programs\MiKTeX 2.9 a\tex\latex\graphics\keyval
.sty"
Package: keyval 2014/10/28 v1.15 key=value parser (DPC)
\KV@toks@=\toks14
))
\beamer@paperwidth=\skip42
\beamer@paperheight=\skip43

("C:\Users\Chiara\AppData\Local\Programs\MiKTeX 2.9 a\tex\latex\geometry\geomet
ry.sty"
Package: geometry 2010/09/12 v5.6 Page Geometry

("C:\Users\Chiara\AppData\Local\Programs\MiKTeX 2.9 a\tex\generic\oberdiek\ifvt
ex.sty"
Package: ifvtex 2016/05/16 v1.6 Detect VTeX and its facilities (HO)
Package ifvtex Info: VTeX not detected.
)
("C:\Users\Chiara\AppData\Local\Programs\MiKTeX 2.9 a\tex\generic\ifxetex\ifxet
ex.sty"
Package: ifxetex 2010/09/12 v0.6 Provides ifxetex conditional
)
\Gm@cnth=\count104
\Gm@cntv=\count105
\c@Gm@tempcnt=\count106
\Gm@bindingoffset=\dimen118
\Gm@wd@mp=\dimen119
\Gm@odd@mp=\dimen120
\Gm@even@mp=\dimen121
\Gm@layoutwidth=\dimen122
\Gm@layoutheight=\dimen123
\Gm@layouthoffset=\dimen124
\Gm@layoutvoffset=\dimen125
\Gm@dimlist=\toks15

("C:\Users\Chiara\AppData\Local\Programs\MiKTeX 2.9 a\tex\latex\geometry\geomet
ry.cfg"))
("C:\Users\Chiara\AppData\Local\Programs\MiKTeX 2.9 a\tex\latex\base\size11.clo
"
File: size11.clo 2014/09/29 v1.4h Standard LaTeX file (size option)
)
("C:\Users\Chiara\AppData\Local\Programs\MiKTeX 2.9 a\tex\latex\pgf\basiclayer\
pgfcore.sty"
("C:\Users\Chiara\AppData\Local\Programs\MiKTeX 2.9 a\tex\latex\graphics\graphi
cx.sty"
Package: graphicx 2017/06/01 v1.1a Enhanced LaTeX Graphics (DPC,SPQR)

("C:\Users\Chiara\AppData\Local\Programs\MiKTeX 2.9 a\tex\latex\graphics\graphi
cs.sty"
Package: graphics 2017/06/25 v1.2c Standard LaTeX Graphics (DPC,SPQR)

("C:\Users\Chiara\AppData\Local\Programs\MiKTeX 2.9 a\tex\latex\graphics\trig.s
ty"
Package: trig 2016/01/03 v1.10 sin cos tan (DPC)
)
("C:\Users\Chiara\AppData\Local\Programs\MiKTeX 2.9 a\tex\latex\graphics-cfg\gr
aphics.cfg"
File: graphics.cfg 2016/06/04 v1.11 sample graphics configuration
)
Package graphics Info: Driver file: pdftex.def on input line 99.

("C:\Users\Chiara\AppData\Local\Programs\MiKTeX 2.9 a\tex\latex\graphics-def\pd
ftex.def"
File: pdftex.def 2018/01/08 v1.0l Graphics/color driver for pdftex
))
\Gin@req@height=\dimen126
\Gin@req@width=\dimen127
)
("C:\Users\Chiara\AppData\Local\Programs\MiKTeX 2.9 a\tex\latex\pgf\systemlayer
\pgfsys.sty"
("C:\Users\Chiara\AppData\Local\Programs\MiKTeX 2.9 a\tex\latex\pgf\utilities\p
gfrcs.sty"
("C:\Users\Chiara\AppData\Local\Programs\MiKTeX 2.9 a\tex\generic\pgf\utilities
\pgfutil-common.tex"
\pgfutil@everybye=\toks16
\pgfutil@tempdima=\dimen128
\pgfutil@tempdimb=\dimen129

("C:\Users\Chiara\AppData\Local\Programs\MiKTeX 2.9 a\tex\generic\pgf\utilities
\pgfutil-common-lists.tex"))
("C:\Users\Chiara\AppData\Local\Programs\MiKTeX 2.9 a\tex\generic\pgf\utilities
\pgfutil-latex.def"
\pgfutil@abb=\box35

("C:\Users\Chiara\AppData\Local\Programs\MiKTeX 2.9 a\tex\latex\ms\everyshi.sty
"
Package: everyshi 2001/05/15 v3.00 EveryShipout Package (MS)
))
("C:\Users\Chiara\AppData\Local\Programs\MiKTeX 2.9 a\tex\generic\pgf\utilities
\pgfrcs.code.tex"
("C:\Users\Chiara\AppData\Local\Programs\MiKTeX 2.9 a\tex\generic\pgf\pgf.revis
ion.tex")
Package: pgfrcs 2019/02/02 v3.1.1 (3.1.1)
))
("C:\Users\Chiara\AppData\Local\Programs\MiKTeX 2.9 a\tex\generic\pgf\systemlay
er\pgfsys.code.tex"
Package: pgfsys 2019/02/02 v3.1.1 (3.1.1)

("C:\Users\Chiara\AppData\Local\Programs\MiKTeX 2.9 a\tex\generic\pgf\utilities
\pgfkeys.code.tex"
\pgfkeys@pathtoks=\toks17
\pgfkeys@temptoks=\toks18

("C:\Users\Chiara\AppData\Local\Programs\MiKTeX 2.9 a\tex\generic\pgf\utilities
\pgfkeysfiltered.code.tex"
\pgfkeys@tmptoks=\toks19
))
\pgf@x=\dimen130
\pgf@y=\dimen131
\pgf@xa=\dimen132
\pgf@ya=\dimen133
\pgf@xb=\dimen134
\pgf@yb=\dimen135
\pgf@xc=\dimen136
\pgf@yc=\dimen137
\w@pgf@writea=\write3
\r@pgf@reada=\read1
\c@pgf@counta=\count107
\c@pgf@countb=\count108
\c@pgf@countc=\count109
\c@pgf@countd=\count110
\t@pgf@toka=\toks20
\t@pgf@tokb=\toks21
\t@pgf@tokc=\toks22
\pgf@sys@id@count=\count111

("C:\Users\Chiara\AppData\Local\Programs\MiKTeX 2.9 a\tex\generic\pgf\systemlay
er\pgf.cfg"
File: pgf.cfg 2019/02/02 v3.1.1 (3.1.1)
)
Driver file for pgf: pgfsys-pdftex.def

("C:\Users\Chiara\AppData\Local\Programs\MiKTeX 2.9 a\tex\generic\pgf\systemlay
er\pgfsys-pdftex.def"
File: pgfsys-pdftex.def 2019/02/02 v3.1.1 (3.1.1)

("C:\Users\Chiara\AppData\Local\Programs\MiKTeX 2.9 a\tex\generic\pgf\systemlay
er\pgfsys-common-pdf.def"
File: pgfsys-common-pdf.def 2019/02/02 v3.1.1 (3.1.1)
)))
("C:\Users\Chiara\AppData\Local\Programs\MiKTeX 2.9 a\tex\generic\pgf\systemlay
er\pgfsyssoftpath.code.tex"
File: pgfsyssoftpath.code.tex 2019/02/02 v3.1.1 (3.1.1)
\pgfsyssoftpath@smallbuffer@items=\count112
\pgfsyssoftpath@bigbuffer@items=\count113
)
("C:\Users\Chiara\AppData\Local\Programs\MiKTeX 2.9 a\tex\generic\pgf\systemlay
er\pgfsysprotocol.code.tex"
File: pgfsysprotocol.code.tex 2019/02/02 v3.1.1 (3.1.1)
))
("C:\Users\Chiara\AppData\Local\Programs\MiKTeX 2.9 a\tex\latex\xcolor\xcolor.s
ty"
Package: xcolor 2016/05/11 v2.12 LaTeX color extensions (UK)

("C:\Users\Chiara\AppData\Local\Programs\MiKTeX 2.9 a\tex\latex\graphics-cfg\co
lor.cfg"
File: color.cfg 2016/01/02 v1.6 sample color configuration
)
Package xcolor Info: Driver file: pdftex.def on input line 225.
Package xcolor Info: Model `cmy' substituted by `cmy0' on input line 1348.
Package xcolor Info: Model `hsb' substituted by `rgb' on input line 1352.
Package xcolor Info: Model `RGB' extended on input line 1364.
Package xcolor Info: Model `HTML' substituted by `rgb' on input line 1366.
Package xcolor Info: Model `Hsb' substituted by `hsb' on input line 1367.
Package xcolor Info: Model `tHsb' substituted by `hsb' on input line 1368.
Package xcolor Info: Model `HSB' substituted by `hsb' on input line 1369.
Package xcolor Info: Model `Gray' substituted by `gray' on input line 1370.
Package xcolor Info: Model `wave' substituted by `hsb' on input line 1371.
)
("C:\Users\Chiara\AppData\Local\Programs\MiKTeX 2.9 a\tex\generic\pgf\basiclaye
r\pgfcore.code.tex"
Package: pgfcore 2019/02/02 v3.1.1 (3.1.1)

("C:\Users\Chiara\AppData\Local\Programs\MiKTeX 2.9 a\tex\generic\pgf\math\pgfm
ath.code.tex"
("C:\Users\Chiara\AppData\Local\Programs\MiKTeX 2.9 a\tex\generic\pgf\math\pgfm
athcalc.code.tex"
("C:\Users\Chiara\AppData\Local\Programs\MiKTeX 2.9 a\tex\generic\pgf\math\pgfm
athutil.code.tex")
("C:\Users\Chiara\AppData\Local\Programs\MiKTeX 2.9 a\tex\generic\pgf\math\pgfm
athparser.code.tex"
\pgfmath@dimen=\dimen138
\pgfmath@count=\count114
\pgfmath@box=\box36
\pgfmath@toks=\toks23
\pgfmath@stack@operand=\toks24
\pgfmath@stack@operation=\toks25
)
("C:\Users\Chiara\AppData\Local\Programs\MiKTeX 2.9 a\tex\generic\pgf\math\pgfm
athfunctions.code.tex"
("C:\Users\Chiara\AppData\Local\Programs\MiKTeX 2.9 a\tex\generic\pgf\math\pgfm
athfunctions.basic.code.tex")
("C:\Users\Chiara\AppData\Local\Programs\MiKTeX 2.9 a\tex\generic\pgf\math\pgfm
athfunctions.trigonometric.code.tex")
("C:\Users\Chiara\AppData\Local\Programs\MiKTeX 2.9 a\tex\generic\pgf\math\pgfm
athfunctions.random.code.tex")
("C:\Users\Chiara\AppData\Local\Programs\MiKTeX 2.9 a\tex\generic\pgf\math\pgfm
athfunctions.comparison.code.tex")
("C:\Users\Chiara\AppData\Local\Programs\MiKTeX 2.9 a\tex\generic\pgf\math\pgfm
athfunctions.base.code.tex")
("C:\Users\Chiara\AppData\Local\Programs\MiKTeX 2.9 a\tex\generic\pgf\math\pgfm
athfunctions.round.code.tex")
("C:\Users\Chiara\AppData\Local\Programs\MiKTeX 2.9 a\tex\generic\pgf\math\pgfm
athfunctions.misc.code.tex")
("C:\Users\Chiara\AppData\Local\Programs\MiKTeX 2.9 a\tex\generic\pgf\math\pgfm
athfunctions.integerarithmetics.code.tex")))
("C:\Users\Chiara\AppData\Local\Programs\MiKTeX 2.9 a\tex\generic\pgf\math\pgfm
athfloat.code.tex"
\c@pgfmathroundto@lastzeros=\count115
))
("C:\Users\Chiara\AppData\Local\Programs\MiKTeX 2.9 a\tex\generic\pgf\basiclaye
r\pgfcorepoints.code.tex"
File: pgfcorepoints.code.tex 2019/02/02 v3.1.1 (3.1.1)
\pgf@picminx=\dimen139
\pgf@picmaxx=\dimen140
\pgf@picminy=\dimen141
\pgf@picmaxy=\dimen142
\pgf@pathminx=\dimen143
\pgf@pathmaxx=\dimen144
\pgf@pathminy=\dimen145
\pgf@pathmaxy=\dimen146
\pgf@xx=\dimen147
\pgf@xy=\dimen148
\pgf@yx=\dimen149
\pgf@yy=\dimen150
\pgf@zx=\dimen151
\pgf@zy=\dimen152
)
("C:\Users\Chiara\AppData\Local\Programs\MiKTeX 2.9 a\tex\generic\pgf\basiclaye
r\pgfcorepathconstruct.code.tex"
File: pgfcorepathconstruct.code.tex 2019/02/02 v3.1.1 (3.1.1)
\pgf@path@lastx=\dimen153
\pgf@path@lasty=\dimen154
)
("C:\Users\Chiara\AppData\Local\Programs\MiKTeX 2.9 a\tex\generic\pgf\basiclaye
r\pgfcorepathusage.code.tex"
File: pgfcorepathusage.code.tex 2019/02/02 v3.1.1 (3.1.1)
\pgf@shorten@end@additional=\dimen155
\pgf@shorten@start@additional=\dimen156
)
("C:\Users\Chiara\AppData\Local\Programs\MiKTeX 2.9 a\tex\generic\pgf\basiclaye
r\pgfcorescopes.code.tex"
File: pgfcorescopes.code.tex 2019/02/02 v3.1.1 (3.1.1)
\pgfpic=\box37
\pgf@hbox=\box38
\pgf@layerbox@main=\box39
\pgf@picture@serial@count=\count116
)
("C:\Users\Chiara\AppData\Local\Programs\MiKTeX 2.9 a\tex\generic\pgf\basiclaye
r\pgfcoregraphicstate.code.tex"
File: pgfcoregraphicstate.code.tex 2019/02/02 v3.1.1 (3.1.1)
\pgflinewidth=\dimen157
)
("C:\Users\Chiara\AppData\Local\Programs\MiKTeX 2.9 a\tex\generic\pgf\basiclaye
r\pgfcoretransformations.code.tex"
File: pgfcoretransformations.code.tex 2019/02/02 v3.1.1 (3.1.1)
\pgf@pt@x=\dimen158
\pgf@pt@y=\dimen159
\pgf@pt@temp=\dimen160
)
("C:\Users\Chiara\AppData\Local\Programs\MiKTeX 2.9 a\tex\generic\pgf\basiclaye
r\pgfcorequick.code.tex"
File: pgfcorequick.code.tex 2019/02/02 v3.1.1 (3.1.1)
)
("C:\Users\Chiara\AppData\Local\Programs\MiKTeX 2.9 a\tex\generic\pgf\basiclaye
r\pgfcoreobjects.code.tex"
File: pgfcoreobjects.code.tex 2019/02/02 v3.1.1 (3.1.1)
)
("C:\Users\Chiara\AppData\Local\Programs\MiKTeX 2.9 a\tex\generic\pgf\basiclaye
r\pgfcorepathprocessing.code.tex"
File: pgfcorepathprocessing.code.tex 2019/02/02 v3.1.1 (3.1.1)
)
("C:\Users\Chiara\AppData\Local\Programs\MiKTeX 2.9 a\tex\generic\pgf\basiclaye
r\pgfcorearrows.code.tex"
File: pgfcorearrows.code.tex 2019/02/02 v3.1.1 (3.1.1)
\pgfarrowsep=\dimen161
)
("C:\Users\Chiara\AppData\Local\Programs\MiKTeX 2.9 a\tex\generic\pgf\basiclaye
r\pgfcoreshade.code.tex"
File: pgfcoreshade.code.tex 2019/02/02 v3.1.1 (3.1.1)
\pgf@max=\dimen162
\pgf@sys@shading@range@num=\count117
)
("C:\Users\Chiara\AppData\Local\Programs\MiKTeX 2.9 a\tex\generic\pgf\basiclaye
r\pgfcoreimage.code.tex"
File: pgfcoreimage.code.tex 2019/02/02 v3.1.1 (3.1.1)

("C:\Users\Chiara\AppData\Local\Programs\MiKTeX 2.9 a\tex\generic\pgf\basiclaye
r\pgfcoreexternal.code.tex"
File: pgfcoreexternal.code.tex 2019/02/02 v3.1.1 (3.1.1)
\pgfexternal@startupbox=\box40
))
("C:\Users\Chiara\AppData\Local\Programs\MiKTeX 2.9 a\tex\generic\pgf\basiclaye
r\pgfcorelayers.code.tex"
File: pgfcorelayers.code.tex 2019/02/02 v3.1.1 (3.1.1)
)
("C:\Users\Chiara\AppData\Local\Programs\MiKTeX 2.9 a\tex\generic\pgf\basiclaye
r\pgfcoretransparency.code.tex"
File: pgfcoretransparency.code.tex 2019/02/02 v3.1.1 (3.1.1)
)
("C:\Users\Chiara\AppData\Local\Programs\MiKTeX 2.9 a\tex\generic\pgf\basiclaye
r\pgfcorepatterns.code.tex"
File: pgfcorepatterns.code.tex 2019/02/02 v3.1.1 (3.1.1)
)
("C:\Users\Chiara\AppData\Local\Programs\MiKTeX 2.9 a\tex\generic\pgf\basiclaye
r\pgfcorerdf.code.tex"
File: pgfcorerdf.code.tex 2019/02/02 v3.1.1 (3.1.1)
)))
("C:\Users\Chiara\AppData\Local\Programs\MiKTeX 2.9 a\tex\latex\pgf\utilities\x
xcolor.sty"
Package: xxcolor 2003/10/24 ver 0.1
\XC@nummixins=\count118
\XC@countmixins=\count119
)
("C:\Users\Chiara\AppData\Local\Programs\MiKTeX 2.9 a\tex\generic\oberdiek\atbe
gshi.sty"
Package: atbegshi 2016/06/09 v1.18 At begin shipout hook (HO)

("C:\Users\Chiara\AppData\Local\Programs\MiKTeX 2.9 a\tex\generic\oberdiek\infw
arerr.sty"
Package: infwarerr 2016/05/16 v1.4 Providing info/warning/error messages (HO)
)
("C:\Users\Chiara\AppData\Local\Programs\MiKTeX 2.9 a\tex\generic\oberdiek\ltxc
mds.sty"
Package: ltxcmds 2016/05/16 v1.23 LaTeX kernel commands for general use (HO)
))
("C:\Users\Chiara\AppData\Local\Programs\MiKTeX 2.9 a\tex\latex\hyperref\hyperr
ef.sty"
Package: hyperref 2018/02/06 v6.86b Hypertext links for LaTeX

("C:\Users\Chiara\AppData\Local\Programs\MiKTeX 2.9 a\tex\generic\oberdiek\hobs
ub-hyperref.sty"
Package: hobsub-hyperref 2016/05/16 v1.14 Bundle oberdiek, subset hyperref (HO)


("C:\Users\Chiara\AppData\Local\Programs\MiKTeX 2.9 a\tex\generic\oberdiek\hobs
ub-generic.sty"
Package: hobsub-generic 2016/05/16 v1.14 Bundle oberdiek, subset generic (HO)
Package: hobsub 2016/05/16 v1.14 Construct package bundles (HO)
Package hobsub Info: Skipping package `infwarerr' (already loaded).
Package hobsub Info: Skipping package `ltxcmds' (already loaded).
Package: ifluatex 2016/05/16 v1.4 Provides the ifluatex switch (HO)
Package ifluatex Info: LuaTeX not detected.
Package hobsub Info: Skipping package `ifvtex' (already loaded).
Package: intcalc 2016/05/16 v1.2 Expandable calculations with integers (HO)
Package hobsub Info: Skipping package `ifpdf' (already loaded).
Package: etexcmds 2016/05/16 v1.6 Avoid name clashes with e-TeX commands (HO)
Package etexcmds Info: Could not find \expanded.
(etexcmds)             That can mean that you are not using pdfTeX 1.50 or
(etexcmds)             that some package has redefined \expanded.
(etexcmds)             In the latter case, load this package earlier.
Package: kvsetkeys 2016/05/16 v1.17 Key value parser (HO)
Package: kvdefinekeys 2016/05/16 v1.4 Define keys (HO)
Package: pdftexcmds 2018/01/21 v0.26 Utility functions of pdfTeX for LuaTeX (HO
)
Package pdftexcmds Info: LuaTeX not detected.
Package pdftexcmds Info: \pdf@primitive is available.
Package pdftexcmds Info: \pdf@ifprimitive is available.
Package pdftexcmds Info: \pdfdraftmode found.
Package: pdfescape 2016/05/16 v1.14 Implements pdfTeX's escape features (HO)
Package: bigintcalc 2016/05/16 v1.4 Expandable calculations on big integers (HO
)
Package: bitset 2016/05/16 v1.2 Handle bit-vector datatype (HO)
Package: uniquecounter 2016/05/16 v1.3 Provide unlimited unique counter (HO)
)
Package hobsub Info: Skipping package `hobsub' (already loaded).
Package: letltxmacro 2016/05/16 v1.5 Let assignment for LaTeX macros (HO)
Package: hopatch 2016/05/16 v1.3 Wrapper for package hooks (HO)
Package: xcolor-patch 2016/05/16 xcolor patch
Package: atveryend 2016/05/16 v1.9 Hooks at the very end of document (HO)
Package hobsub Info: Skipping package `atbegshi' (already loaded).
Package: refcount 2016/05/16 v3.5 Data extraction from label references (HO)
Package: hycolor 2016/05/16 v1.8 Color options for hyperref/bookmark (HO)
)
("C:\Users\Chiara\AppData\Local\Programs\MiKTeX 2.9 a\tex\latex\oberdiek\auxhoo
k.sty"
Package: auxhook 2016/05/16 v1.4 Hooks for auxiliary files (HO)
)
("C:\Users\Chiara\AppData\Local\Programs\MiKTeX 2.9 a\tex\latex\oberdiek\kvopti
ons.sty"
Package: kvoptions 2016/05/16 v3.12 Key value format for package options (HO)
)
\@linkdim=\dimen163
\Hy@linkcounter=\count120
\Hy@pagecounter=\count121

("C:\Users\Chiara\AppData\Local\Programs\MiKTeX 2.9 a\tex\latex\hyperref\pd1enc
.def"
File: pd1enc.def 2018/02/06 v6.86b Hyperref: PDFDocEncoding definition (HO)
)
\Hy@SavedSpaceFactor=\count122

("C:\Users\Chiara\AppData\Local\Programs\MiKTeX 2.9 a\tex\latex\00miktex\hyperr
ef.cfg"
File: hyperref.cfg 2002/06/06 v1.2 hyperref configuration of TeXLive
)
Package hyperref Info: Option `bookmarks' set `true' on input line 4383.
Package hyperref Info: Option `bookmarksopen' set `true' on input line 4383.
Package hyperref Info: Option `implicit' set `false' on input line 4383.
Package hyperref Info: Hyper figures OFF on input line 4509.
Package hyperref Info: Link nesting OFF on input line 4514.
Package hyperref Info: Hyper index ON on input line 4517.
Package hyperref Info: Plain pages OFF on input line 4524.
Package hyperref Info: Backreferencing OFF on input line 4529.
Package hyperref Info: Implicit mode OFF; no redefinition of LaTeX internals.
Package hyperref Info: Bookmarks ON on input line 4762.
\c@Hy@tempcnt=\count123

("C:\Users\Chiara\AppData\Local\Programs\MiKTeX 2.9 a\tex\latex\url\url.sty"
\Urlmuskip=\muskip10
Package: url 2013/09/16  ver 3.4  Verb mode for urls, etc.
)
LaTeX Info: Redefining \url on input line 5115.
\XeTeXLinkMargin=\dimen164
\Fld@menulength=\count124
\Field@Width=\dimen165
\Fld@charsize=\dimen166
Package hyperref Info: Hyper figures OFF on input line 6369.
Package hyperref Info: Link nesting OFF on input line 6374.
Package hyperref Info: Hyper index ON on input line 6377.
Package hyperref Info: backreferencing OFF on input line 6384.
Package hyperref Info: Link coloring OFF on input line 6389.
Package hyperref Info: Link coloring with OCG OFF on input line 6394.
Package hyperref Info: PDF/A mode OFF on input line 6399.
LaTeX Info: Redefining \ref on input line 6439.
LaTeX Info: Redefining \pageref on input line 6443.
\Hy@abspage=\count125


Package hyperref Message: Stopped early.

)
Package hyperref Info: Driver (autodetected): hpdftex.

("C:\Users\Chiara\AppData\Local\Programs\MiKTeX 2.9 a\tex\latex\hyperref\hpdfte
x.def"
File: hpdftex.def 2018/02/06 v6.86b Hyperref driver for pdfTeX
\Fld@listcount=\count126
\c@bookmark@seq@number=\count127

("C:\Users\Chiara\AppData\Local\Programs\MiKTeX 2.9 a\tex\latex\oberdiek\rerunf
ilecheck.sty"
Package: rerunfilecheck 2016/05/16 v1.8 Rerun checks for auxiliary files (HO)
Package uniquecounter Info: New unique counter `rerunfilecheck' on input line 2
82.
))
("C:\Users\Chiara\AppData\Local\Programs\MiKTeX 2.9 a\tex\latex\beamer\beamerba
serequires.sty"
("C:\Users\Chiara\AppData\Local\Programs\MiKTeX 2.9 a\tex\latex\beamer\beamerba
secompatibility.sty")
("C:\Users\Chiara\AppData\Local\Programs\MiKTeX 2.9 a\tex\latex\beamer\beamerba
sefont.sty"
("C:\Users\Chiara\AppData\Local\Programs\MiKTeX 2.9 a\tex\latex\amsfonts\amssym
b.sty"
Package: amssymb 2013/01/14 v3.01 AMS font symbols

("C:\Users\Chiara\AppData\Local\Programs\MiKTeX 2.9 a\tex\latex\amsfonts\amsfon
ts.sty"
Package: amsfonts 2013/01/14 v3.01 Basic AMSFonts support
\@emptytoks=\toks26
\symAMSa=\mathgroup4
\symAMSb=\mathgroup5
LaTeX Font Info:    Overwriting math alphabet `\mathfrak' in version `bold'
(Font)                  U/euf/m/n --> U/euf/b/n on input line 106.
))
("C:\Users\Chiara\AppData\Local\Programs\MiKTeX 2.9 a\tex\latex\sansmathaccent\
sansmathaccent.sty"
Package: sansmathaccent 2020/01/31

("C:\Users\Chiara\AppData\Local\Programs\MiKTeX 2.9 a\tex\latex\koma-script\scr
lfile.sty"
Package: scrlfile 2018/03/30 v3.25 KOMA-Script package (loading files)
)))
("C:\Users\Chiara\AppData\Local\Programs\MiKTeX 2.9 a\tex\latex\beamer\beamerba
setranslator.sty"
("C:\Users\Chiara\AppData\Local\Programs\MiKTeX 2.9 a\tex\latex\translator\tran
slator.sty"
Package: translator 2021-05-31 v1.12d Easy translation of strings in LaTeX
))
("C:\Users\Chiara\AppData\Local\Programs\MiKTeX 2.9 a\tex\latex\beamer\beamerba
semisc.sty")
("C:\Users\Chiara\AppData\Local\Programs\MiKTeX 2.9 a\tex\latex\beamer\beamerba
setwoscreens.sty")
("C:\Users\Chiara\AppData\Local\Programs\MiKTeX 2.9 a\tex\latex\beamer\beamerba
seoverlay.sty"
\beamer@argscount=\count128
\beamer@lastskipcover=\skip44
\beamer@trivlistdepth=\count129
)
("C:\Users\Chiara\AppData\Local\Programs\MiKTeX 2.9 a\tex\latex\beamer\beamerba
setitle.sty")
("C:\Users\Chiara\AppData\Local\Programs\MiKTeX 2.9 a\tex\latex\beamer\beamerba
sesection.sty"
\c@lecture=\count130
\c@part=\count131
\c@section=\count132
\c@subsection=\count133
\c@subsubsection=\count134
)
("C:\Users\Chiara\AppData\Local\Programs\MiKTeX 2.9 a\tex\latex\beamer\beamerba
seframe.sty"
\beamer@framebox=\box41
\beamer@frametitlebox=\box42
\beamer@zoombox=\box43
\beamer@zoomcount=\count135
\beamer@zoomframecount=\count136
\beamer@frametextheight=\dimen167
\c@subsectionslide=\count137
\beamer@frametopskip=\skip45
\beamer@framebottomskip=\skip46
\beamer@frametopskipautobreak=\skip47
\beamer@framebottomskipautobreak=\skip48
\beamer@envbody=\toks27
\framewidth=\dimen168
\c@framenumber=\count138
)
("C:\Users\Chiara\AppData\Local\Programs\MiKTeX 2.9 a\tex\latex\beamer\beamerba
severbatim.sty"
\beamer@verbatimfileout=\write4
)
("C:\Users\Chiara\AppData\Local\Programs\MiKTeX 2.9 a\tex\latex\beamer\beamerba
seframesize.sty"
\beamer@splitbox=\box44
\beamer@autobreakcount=\count139
\beamer@autobreaklastheight=\dimen169
\beamer@frametitletoks=\toks28
\beamer@framesubtitletoks=\toks29
)
("C:\Users\Chiara\AppData\Local\Programs\MiKTeX 2.9 a\tex\latex\beamer\beamerba
seframecomponents.sty"
\beamer@footins=\box45
)
("C:\Users\Chiara\AppData\Local\Programs\MiKTeX 2.9 a\tex\latex\beamer\beamerba
secolor.sty")
("C:\Users\Chiara\AppData\Local\Programs\MiKTeX 2.9 a\tex\latex\beamer\beamerba
senotes.sty"
\beamer@frameboxcopy=\box46
)
("C:\Users\Chiara\AppData\Local\Programs\MiKTeX 2.9 a\tex\latex\beamer\beamerba
setoc.sty")
("C:\Users\Chiara\AppData\Local\Programs\MiKTeX 2.9 a\tex\latex\beamer\beamerba
setemplates.sty"
\beamer@sbttoks=\toks30

("C:\Users\Chiara\AppData\Local\Programs\MiKTeX 2.9 a\tex\latex\beamer\beamerba
seauxtemplates.sty"
("C:\Users\Chiara\AppData\Local\Programs\MiKTeX 2.9 a\tex\latex\beamer\beamerba
seboxes.sty"
\bmb@box=\box47
\bmb@colorbox=\box48
\bmb@boxwidth=\dimen170
\bmb@boxheight=\dimen171
\bmb@prevheight=\dimen172
\bmb@temp=\dimen173
\bmb@dima=\dimen174
\bmb@dimb=\dimen175
\bmb@prevheight=\dimen176
)
\beamer@blockheadheight=\dimen177
))
("C:\Users\Chiara\AppData\Local\Programs\MiKTeX 2.9 a\tex\latex\beamer\beamerba
selocalstructure.sty"
("C:\Users\Chiara\AppData\Local\Programs\MiKTeX 2.9 a\tex\latex\tools\enumerate
.sty"
Package: enumerate 2015/07/23 v3.00 enumerate extensions (DPC)
\@enLab=\toks31
)
\beamer@bibiconwidth=\skip49
\c@figure=\count140
\c@table=\count141
\abovecaptionskip=\skip50
\belowcaptionskip=\skip51
)
("C:\Users\Chiara\AppData\Local\Programs\MiKTeX 2.9 a\tex\latex\beamer\beamerba
senavigation.sty"
\beamer@section@min@dim=\dimen178
)
("C:\Users\Chiara\AppData\Local\Programs\MiKTeX 2.9 a\tex\latex\beamer\beamerba
setheorems.sty"
("C:\Users\Chiara\AppData\Local\Programs\MiKTeX 2.9 a\tex\latex\amsmath\amsmath
.sty"
Package: amsmath 2017/09/02 v2.17a AMS math features
\@mathmargin=\skip52

For additional information on amsmath, use the `?' option.

("C:\Users\Chiara\AppData\Local\Programs\MiKTeX 2.9 a\tex\latex\amsmath\amstext
.sty"
Package: amstext 2000/06/29 v2.01 AMS text

("C:\Users\Chiara\AppData\Local\Programs\MiKTeX 2.9 a\tex\latex\amsmath\amsgen.
sty"
File: amsgen.sty 1999/11/30 v2.0 generic functions
\@emptytoks=\toks32
\ex@=\dimen179
))
("C:\Users\Chiara\AppData\Local\Programs\MiKTeX 2.9 a\tex\latex\amsmath\amsbsy.
sty"
Package: amsbsy 1999/11/29 v1.2d Bold Symbols
\pmbraise@=\dimen180
)
("C:\Users\Chiara\AppData\Local\Programs\MiKTeX 2.9 a\tex\latex\amsmath\amsopn.
sty"
Package: amsopn 2016/03/08 v2.02 operator names
)
\inf@bad=\count142
LaTeX Info: Redefining \frac on input line 213.
\uproot@=\count143
\leftroot@=\count144
LaTeX Info: Redefining \overline on input line 375.
\classnum@=\count145
\DOTSCASE@=\count146
LaTeX Info: Redefining \ldots on input line 472.
LaTeX Info: Redefining \dots on input line 475.
LaTeX Info: Redefining \cdots on input line 596.
\Mathstrutbox@=\box49
\strutbox@=\box50
\big@size=\dimen181
LaTeX Font Info:    Redeclaring font encoding OML on input line 712.
LaTeX Font Info:    Redeclaring font encoding OMS on input line 713.
\macc@depth=\count147
\c@MaxMatrixCols=\count148
\dotsspace@=\muskip11
\c@parentequation=\count149
\dspbrk@lvl=\count150
\tag@help=\toks33
\row@=\count151
\column@=\count152
\maxfields@=\count153
\andhelp@=\toks34
\eqnshift@=\dimen182
\alignsep@=\dimen183
\tagshift@=\dimen184
\tagwidth@=\dimen185
\totwidth@=\dimen186
\lineht@=\dimen187
\@envbody=\toks35
\multlinegap=\skip53
\multlinetaggap=\skip54
\mathdisplay@stack=\toks36
LaTeX Info: Redefining \[ on input line 2817.
LaTeX Info: Redefining \] on input line 2818.
)
("C:\Users\Chiara\AppData\Local\Programs\MiKTeX 2.9 a\tex\latex\amscls\amsthm.s
ty"
Package: amsthm 2017/10/31 v2.20.4
\thm@style=\toks37
\thm@bodyfont=\toks38
\thm@headfont=\toks39
\thm@notefont=\toks40
\thm@headpunct=\toks41
\thm@preskip=\skip55
\thm@postskip=\skip56
\thm@headsep=\skip57
\dth@everypar=\toks42
)
\c@theorem=\count154
)
("C:\Users\Chiara\AppData\Local\Programs\MiKTeX 2.9 a\tex\latex\beamer\beamerba
sethemes.sty"))
("C:\Users\Chiara\AppData\Local\Programs\MiKTeX 2.9 a\tex\latex\beamer\beamerth
emedefault.sty"
("C:\Users\Chiara\AppData\Local\Programs\MiKTeX 2.9 a\tex\latex\beamer\beamerfo
ntthemedefault.sty")
("C:\Users\Chiara\AppData\Local\Programs\MiKTeX 2.9 a\tex\latex\beamer\beamerco
lorthemedefault.sty")
("C:\Users\Chiara\AppData\Local\Programs\MiKTeX 2.9 a\tex\latex\beamer\beamerin
nerthemedefault.sty"
\beamer@dima=\dimen188
\beamer@dimb=\dimen189
)
("C:\Users\Chiara\AppData\Local\Programs\MiKTeX 2.9 a\tex\latex\beamer\beamerou
terthemedefault.sty")))
("C:\Users\Chiara\AppData\Local\Programs\MiKTeX 2.9 a\tex\latex\base\inputenc.s
ty"
Package: inputenc 2015/03/17 v1.2c Input encoding file
\inpenc@prehook=\toks43
\inpenc@posthook=\toks44

("C:\Users\Chiara\AppData\Local\Programs\MiKTeX 2.9 a\tex\latex\base\utf8.def"
File: utf8.def 2017/01/28 v1.1t UTF-8 support for inputenc
Now handling font encoding OML ...
... no UTF-8 mapping file for font encoding OML
Now handling font encoding T1 ...
... processing UTF-8 mapping file for font encoding T1

("C:\Users\Chiara\AppData\Local\Programs\MiKTeX 2.9 a\tex\latex\base\t1enc.dfu"
File: t1enc.dfu 2017/01/28 v1.1t UTF-8 support for inputenc
   defining Unicode char U+00A0 (decimal 160)
   defining Unicode char U+00A1 (decimal 161)
   defining Unicode char U+00A3 (decimal 163)
   defining Unicode char U+00AB (decimal 171)
   defining Unicode char U+00AD (decimal 173)
   defining Unicode char U+00BB (decimal 187)
   defining Unicode char U+00BF (decimal 191)
   defining Unicode char U+00C0 (decimal 192)
   defining Unicode char U+00C1 (decimal 193)
   defining Unicode char U+00C2 (decimal 194)
   defining Unicode char U+00C3 (decimal 195)
   defining Unicode char U+00C4 (decimal 196)
   defining Unicode char U+00C5 (decimal 197)
   defining Unicode char U+00C6 (decimal 198)
   defining Unicode char U+00C7 (decimal 199)
   defining Unicode char U+00C8 (decimal 200)
   defining Unicode char U+00C9 (decimal 201)
   defining Unicode char U+00CA (decimal 202)
   defining Unicode char U+00CB (decimal 203)
   defining Unicode char U+00CC (decimal 204)
   defining Unicode char U+00CD (decimal 205)
   defining Unicode char U+00CE (decimal 206)
   defining Unicode char U+00CF (decimal 207)
   defining Unicode char U+00D0 (decimal 208)
   defining Unicode char U+00D1 (decimal 209)
   defining Unicode char U+00D2 (decimal 210)
   defining Unicode char U+00D3 (decimal 211)
   defining Unicode char U+00D4 (decimal 212)
   defining Unicode char U+00D5 (decimal 213)
   defining Unicode char U+00D6 (decimal 214)
   defining Unicode char U+00D8 (decimal 216)
   defining Unicode char U+00D9 (decimal 217)
   defining Unicode char U+00DA (decimal 218)
   defining Unicode char U+00DB (decimal 219)
   defining Unicode char U+00DC (decimal 220)
   defining Unicode char U+00DD (decimal 221)
   defining Unicode char U+00DE (decimal 222)
   defining Unicode char U+00DF (decimal 223)
   defining Unicode char U+00E0 (decimal 224)
   defining Unicode char U+00E1 (decimal 225)
   defining Unicode char U+00E2 (decimal 226)
   defining Unicode char U+00E3 (decimal 227)
   defining Unicode char U+00E4 (decimal 228)
   defining Unicode char U+00E5 (decimal 229)
   defining Unicode char U+00E6 (decimal 230)
   defining Unicode char U+00E7 (decimal 231)
   defining Unicode char U+00E8 (decimal 232)
   defining Unicode char U+00E9 (decimal 233)
   defining Unicode char U+00EA (decimal 234)
   defining Unicode char U+00EB (decimal 235)
   defining Unicode char U+00EC (decimal 236)
   defining Unicode char U+00ED (decimal 237)
   defining Unicode char U+00EE (decimal 238)
   defining Unicode char U+00EF (decimal 239)
   defining Unicode char U+00F0 (decimal 240)
   defining Unicode char U+00F1 (decimal 241)
   defining Unicode char U+00F2 (decimal 242)
   defining Unicode char U+00F3 (decimal 243)
   defining Unicode char U+00F4 (decimal 244)
   defining Unicode char U+00F5 (decimal 245)
   defining Unicode char U+00F6 (decimal 246)
   defining Unicode char U+00F8 (decimal 248)
   defining Unicode char U+00F9 (decimal 249)
   defining Unicode char U+00FA (decimal 250)
   defining Unicode char U+00FB (decimal 251)
   defining Unicode char U+00FC (decimal 252)
   defining Unicode char U+00FD (decimal 253)
   defining Unicode char U+00FE (decimal 254)
   defining Unicode char U+00FF (decimal 255)
   defining Unicode char U+0100 (decimal 256)
   defining Unicode char U+0101 (decimal 257)
   defining Unicode char U+0102 (decimal 258)
   defining Unicode char U+0103 (decimal 259)
   defining Unicode char U+0104 (decimal 260)
   defining Unicode char U+0105 (decimal 261)
   defining Unicode char U+0106 (decimal 262)
   defining Unicode char U+0107 (decimal 263)
   defining Unicode char U+0108 (decimal 264)
   defining Unicode char U+0109 (decimal 265)
   defining Unicode char U+010A (decimal 266)
   defining Unicode char U+010B (decimal 267)
   defining Unicode char U+010C (decimal 268)
   defining Unicode char U+010D (decimal 269)
   defining Unicode char U+010E (decimal 270)
   defining Unicode char U+010F (decimal 271)
   defining Unicode char U+0110 (decimal 272)
   defining Unicode char U+0111 (decimal 273)
   defining Unicode char U+0112 (decimal 274)
   defining Unicode char U+0113 (decimal 275)
   defining Unicode char U+0114 (decimal 276)
   defining Unicode char U+0115 (decimal 277)
   defining Unicode char U+0116 (decimal 278)
   defining Unicode char U+0117 (decimal 279)
   defining Unicode char U+0118 (decimal 280)
   defining Unicode char U+0119 (decimal 281)
   defining Unicode char U+011A (decimal 282)
   defining Unicode char U+011B (decimal 283)
   defining Unicode char U+011C (decimal 284)
   defining Unicode char U+011D (decimal 285)
   defining Unicode char U+011E (decimal 286)
   defining Unicode char U+011F (decimal 287)
   defining Unicode char U+0120 (decimal 288)
   defining Unicode char U+0121 (decimal 289)
   defining Unicode char U+0122 (decimal 290)
   defining Unicode char U+0123 (decimal 291)
   defining Unicode char U+0124 (decimal 292)
   defining Unicode char U+0125 (decimal 293)
   defining Unicode char U+0128 (decimal 296)
   defining Unicode char U+0129 (decimal 297)
   defining Unicode char U+012A (decimal 298)
   defining Unicode char U+012B (decimal 299)
   defining Unicode char U+012C (decimal 300)
   defining Unicode char U+012D (decimal 301)
   defining Unicode char U+012E (decimal 302)
   defining Unicode char U+012F (decimal 303)
   defining Unicode char U+0130 (decimal 304)
   defining Unicode char U+0131 (decimal 305)
   defining Unicode char U+0132 (decimal 306)
   defining Unicode char U+0133 (decimal 307)
   defining Unicode char U+0134 (decimal 308)
   defining Unicode char U+0135 (decimal 309)
   defining Unicode char U+0136 (decimal 310)
   defining Unicode char U+0137 (decimal 311)
   defining Unicode char U+0139 (decimal 313)
   defining Unicode char U+013A (decimal 314)
   defining Unicode char U+013B (decimal 315)
   defining Unicode char U+013C (decimal 316)
   defining Unicode char U+013D (decimal 317)
   defining Unicode char U+013E (decimal 318)
   defining Unicode char U+0141 (decimal 321)
   defining Unicode char U+0142 (decimal 322)
   defining Unicode char U+0143 (decimal 323)
   defining Unicode char U+0144 (decimal 324)
   defining Unicode char U+0145 (decimal 325)
   defining Unicode char U+0146 (decimal 326)
   defining Unicode char U+0147 (decimal 327)
   defining Unicode char U+0148 (decimal 328)
   defining Unicode char U+014A (decimal 330)
   defining Unicode char U+014B (decimal 331)
   defining Unicode char U+014C (decimal 332)
   defining Unicode char U+014D (decimal 333)
   defining Unicode char U+014E (decimal 334)
   defining Unicode char U+014F (decimal 335)
   defining Unicode char U+0150 (decimal 336)
   defining Unicode char U+0151 (decimal 337)
   defining Unicode char U+0152 (decimal 338)
   defining Unicode char U+0153 (decimal 339)
   defining Unicode char U+0154 (decimal 340)
   defining Unicode char U+0155 (decimal 341)
   defining Unicode char U+0156 (decimal 342)
   defining Unicode char U+0157 (decimal 343)
   defining Unicode char U+0158 (decimal 344)
   defining Unicode char U+0159 (decimal 345)
   defining Unicode char U+015A (decimal 346)
   defining Unicode char U+015B (decimal 347)
   defining Unicode char U+015C (decimal 348)
   defining Unicode char U+015D (decimal 349)
   defining Unicode char U+015E (decimal 350)
   defining Unicode char U+015F (decimal 351)
   defining Unicode char U+0160 (decimal 352)
   defining Unicode char U+0161 (decimal 353)
   defining Unicode char U+0162 (decimal 354)
   defining Unicode char U+0163 (decimal 355)
   defining Unicode char U+0164 (decimal 356)
   defining Unicode char U+0165 (decimal 357)
   defining Unicode char U+0168 (decimal 360)
   defining Unicode char U+0169 (decimal 361)
   defining Unicode char U+016A (decimal 362)
   defining Unicode char U+016B (decimal 363)
   defining Unicode char U+016C (decimal 364)
   defining Unicode char U+016D (decimal 365)
   defining Unicode char U+016E (decimal 366)
   defining Unicode char U+016F (decimal 367)
   defining Unicode char U+0170 (decimal 368)
   defining Unicode char U+0171 (decimal 369)
   defining Unicode char U+0172 (decimal 370)
   defining Unicode char U+0173 (decimal 371)
   defining Unicode char U+0174 (decimal 372)
   defining Unicode char U+0175 (decimal 373)
   defining Unicode char U+0176 (decimal 374)
   defining Unicode char U+0177 (decimal 375)
   defining Unicode char U+0178 (decimal 376)
   defining Unicode char U+0179 (decimal 377)
   defining Unicode char U+017A (decimal 378)
   defining Unicode char U+017B (decimal 379)
   defining Unicode char U+017C (decimal 380)
   defining Unicode char U+017D (decimal 381)
   defining Unicode char U+017E (decimal 382)
   defining Unicode char U+01CD (decimal 461)
   defining Unicode char U+01CE (decimal 462)
   defining Unicode char U+01CF (decimal 463)
   defining Unicode char U+01D0 (decimal 464)
   defining Unicode char U+01D1 (decimal 465)
   defining Unicode char U+01D2 (decimal 466)
   defining Unicode char U+01D3 (decimal 467)
   defining Unicode char U+01D4 (decimal 468)
   defining Unicode char U+01E2 (decimal 482)
   defining Unicode char U+01E3 (decimal 483)
   defining Unicode char U+01E6 (decimal 486)
   defining Unicode char U+01E7 (decimal 487)
   defining Unicode char U+01E8 (decimal 488)
   defining Unicode char U+01E9 (decimal 489)
   defining Unicode char U+01EA (decimal 490)
   defining Unicode char U+01EB (decimal 491)
   defining Unicode char U+01F0 (decimal 496)
   defining Unicode char U+01F4 (decimal 500)
   defining Unicode char U+01F5 (decimal 501)
   defining Unicode char U+0218 (decimal 536)
   defining Unicode char U+0219 (decimal 537)
   defining Unicode char U+021A (decimal 538)
   defining Unicode char U+021B (decimal 539)
   defining Unicode char U+0232 (decimal 562)
   defining Unicode char U+0233 (decimal 563)
   defining Unicode char U+1E02 (decimal 7682)
   defining Unicode char U+1E03 (decimal 7683)
   defining Unicode char U+200C (decimal 8204)
   defining Unicode char U+2010 (decimal 8208)
   defining Unicode char U+2011 (decimal 8209)
   defining Unicode char U+2012 (decimal 8210)
   defining Unicode char U+2013 (decimal 8211)
   defining Unicode char U+2014 (decimal 8212)
   defining Unicode char U+2015 (decimal 8213)
   defining Unicode char U+2018 (decimal 8216)
   defining Unicode char U+2019 (decimal 8217)
   defining Unicode char U+201A (decimal 8218)
   defining Unicode char U+201C (decimal 8220)
   defining Unicode char U+201D (decimal 8221)
   defining Unicode char U+201E (decimal 8222)
   defining Unicode char U+2030 (decimal 8240)
   defining Unicode char U+2031 (decimal 8241)
   defining Unicode char U+2039 (decimal 8249)
   defining Unicode char U+203A (decimal 8250)
   defining Unicode char U+2423 (decimal 9251)
   defining Unicode char U+1E20 (decimal 7712)
   defining Unicode char U+1E21 (decimal 7713)
)
Now handling font encoding OT1 ...
... processing UTF-8 mapping file for font encoding OT1

("C:\Users\Chiara\AppData\Local\Programs\MiKTeX 2.9 a\tex\latex\base\ot1enc.dfu
"
File: ot1enc.dfu 2017/01/28 v1.1t UTF-8 support for inputenc
   defining Unicode char U+00A0 (decimal 160)
   defining Unicode char U+00A1 (decimal 161)
   defining Unicode char U+00A3 (decimal 163)
   defining Unicode char U+00AD (decimal 173)
   defining Unicode char U+00B8 (decimal 184)
   defining Unicode char U+00BF (decimal 191)
   defining Unicode char U+00C5 (decimal 197)
   defining Unicode char U+00C6 (decimal 198)
   defining Unicode char U+00D8 (decimal 216)
   defining Unicode char U+00DF (decimal 223)
   defining Unicode char U+00E6 (decimal 230)
   defining Unicode char U+00EC (decimal 236)
   defining Unicode char U+00ED (decimal 237)
   defining Unicode char U+00EE (decimal 238)
   defining Unicode char U+00EF (decimal 239)
   defining Unicode char U+00F8 (decimal 248)
   defining Unicode char U+0131 (decimal 305)
   defining Unicode char U+0141 (decimal 321)
   defining Unicode char U+0142 (decimal 322)
   defining Unicode char U+0152 (decimal 338)
   defining Unicode char U+0153 (decimal 339)
   defining Unicode char U+0174 (decimal 372)
   defining Unicode char U+0175 (decimal 373)
   defining Unicode char U+0176 (decimal 374)
   defining Unicode char U+0177 (decimal 375)
   defining Unicode char U+0218 (decimal 536)
   defining Unicode char U+0219 (decimal 537)
   defining Unicode char U+021A (decimal 538)
   defining Unicode char U+021B (decimal 539)
   defining Unicode char U+2013 (decimal 8211)
   defining Unicode char U+2014 (decimal 8212)
   defining Unicode char U+2018 (decimal 8216)
   defining Unicode char U+2019 (decimal 8217)
   defining Unicode char U+201C (decimal 8220)
   defining Unicode char U+201D (decimal 8221)
)
Now handling font encoding OMS ...
... processing UTF-8 mapping file for font encoding OMS

("C:\Users\Chiara\AppData\Local\Programs\MiKTeX 2.9 a\tex\latex\base\omsenc.dfu
"
File: omsenc.dfu 2017/01/28 v1.1t UTF-8 support for inputenc
   defining Unicode char U+00A7 (decimal 167)
   defining Unicode char U+00B6 (decimal 182)
   defining Unicode char U+00B7 (decimal 183)
   defining Unicode char U+2020 (decimal 8224)
   defining Unicode char U+2021 (decimal 8225)
   defining Unicode char U+2022 (decimal 8226)
)
Now handling font encoding OMX ...
... no UTF-8 mapping file for font encoding OMX
Now handling font encoding U ...
... no UTF-8 mapping file for font encoding U
Now handling font encoding PD1 ...
... no UTF-8 mapping file for font encoding PD1
   defining Unicode char U+00A9 (decimal 169)
   defining Unicode char U+00AA (decimal 170)
   defining Unicode char U+00AE (decimal 174)
   defining Unicode char U+00BA (decimal 186)
   defining Unicode char U+02C6 (decimal 710)
   defining Unicode char U+02DC (decimal 732)
   defining Unicode char U+200C (decimal 8204)
   defining Unicode char U+2026 (decimal 8230)
   defining Unicode char U+2122 (decimal 8482)
   defining Unicode char U+2423 (decimal 9251)
))
("C:\Users\Chiara\AppData\Local\Programs\MiKTeX 2.9 a\tex\latex\beamer\beamerth
emeMadrid.sty"
("C:\Users\Chiara\AppData\Local\Programs\MiKTeX 2.9 a\tex\latex\beamer\beamerco
lorthemewhale.sty")
("C:\Users\Chiara\AppData\Local\Programs\MiKTeX 2.9 a\tex\latex\beamer\beamerco
lorthemeorchid.sty")
("C:\Users\Chiara\AppData\Local\Programs\MiKTeX 2.9 a\tex\latex\beamer\beamerin
nerthemerounded.sty")
("C:\Users\Chiara\AppData\Local\Programs\MiKTeX 2.9 a\tex\latex\beamer\beamerou
terthemeinfolines.sty"))
("C:\Users\Chiara\AppData\Local\Programs\MiKTeX 2.9 a\tex\latex\tikz-cd\tikz-cd
.sty"
Package: tikz-cd 2021/05/04 v1.0 Commutative diagrams with TikZ

("C:\Users\Chiara\AppData\Local\Programs\MiKTeX 2.9 a\tex\latex\pgf\frontendlay
er\tikz.sty"
("C:\Users\Chiara\AppData\Local\Programs\MiKTeX 2.9 a\tex\latex\pgf\basiclayer\
pgf.sty"
Package: pgf 2019/02/02 v3.1.1 (3.1.1)

("C:\Users\Chiara\AppData\Local\Programs\MiKTeX 2.9 a\tex\generic\pgf\modules\p
gfmoduleshapes.code.tex"
File: pgfmoduleshapes.code.tex 2019/02/02 v3.1.1 (3.1.1)
\pgfnodeparttextbox=\box51
)
("C:\Users\Chiara\AppData\Local\Programs\MiKTeX 2.9 a\tex\generic\pgf\modules\p
gfmoduleplot.code.tex"
File: pgfmoduleplot.code.tex 2019/02/02 v3.1.1 (3.1.1)
)
("C:\Users\Chiara\AppData\Local\Programs\MiKTeX 2.9 a\tex\latex\pgf\compatibili
ty\pgfcomp-version-0-65.sty"
Package: pgfcomp-version-0-65 2019/02/02 v3.1.1 (3.1.1)
\pgf@nodesepstart=\dimen190
\pgf@nodesepend=\dimen191
)
("C:\Users\Chiara\AppData\Local\Programs\MiKTeX 2.9 a\tex\latex\pgf\compatibili
ty\pgfcomp-version-1-18.sty"
Package: pgfcomp-version-1-18 2019/02/02 v3.1.1 (3.1.1)
))
("C:\Users\Chiara\AppData\Local\Programs\MiKTeX 2.9 a\tex\latex\pgf\utilities\p
gffor.sty"
("C:\Users\Chiara\AppData\Local\Programs\MiKTeX 2.9 a\tex\latex\pgf\utilities\p
gfkeys.sty"
("C:\Users\Chiara\AppData\Local\Programs\MiKTeX 2.9 a\tex\generic\pgf\utilities
\pgfkeys.code.tex"))
("C:\Users\Chiara\AppData\Local\Programs\MiKTeX 2.9 a\tex\latex\pgf\math\pgfmat
h.sty"
("C:\Users\Chiara\AppData\Local\Programs\MiKTeX 2.9 a\tex\generic\pgf\math\pgfm
ath.code.tex"))
("C:\Users\Chiara\AppData\Local\Programs\MiKTeX 2.9 a\tex\generic\pgf\utilities
\pgffor.code.tex"
Package: pgffor 2019/02/02 v3.1.1 (3.1.1)

("C:\Users\Chiara\AppData\Local\Programs\MiKTeX 2.9 a\tex\generic\pgf\math\pgfm
ath.code.tex")
\pgffor@iter=\dimen192
\pgffor@skip=\dimen193
\pgffor@stack=\toks45
\pgffor@toks=\toks46
))
("C:\Users\Chiara\AppData\Local\Programs\MiKTeX 2.9 a\tex\generic\pgf\frontendl
ayer\tikz\tikz.code.tex"
Package: tikz 2019/02/02 v3.1.1 (3.1.1)

("C:\Users\Chiara\AppData\Local\Programs\MiKTeX 2.9 a\tex\generic\pgf\libraries
\pgflibraryplothandlers.code.tex"
File: pgflibraryplothandlers.code.tex 2019/02/02 v3.1.1 (3.1.1)
\pgf@plot@mark@count=\count155
\pgfplotmarksize=\dimen194
)
\tikz@lastx=\dimen195
\tikz@lasty=\dimen196
\tikz@lastxsaved=\dimen197
\tikz@lastysaved=\dimen198
\tikzleveldistance=\dimen199
\tikzsiblingdistance=\dimen256
\tikz@figbox=\box52
\tikz@figbox@bg=\box53
\tikz@tempbox=\box54
\tikz@tempbox@bg=\box55
\tikztreelevel=\count156
\tikznumberofchildren=\count157
\tikznumberofcurrentchild=\count158
\tikz@fig@count=\count159

("C:\Users\Chiara\AppData\Local\Programs\MiKTeX 2.9 a\tex\generic\pgf\modules\p
gfmodulematrix.code.tex"
File: pgfmodulematrix.code.tex 2019/02/02 v3.1.1 (3.1.1)
\pgfmatrixcurrentrow=\count160
\pgfmatrixcurrentcolumn=\count161
\pgf@matrix@numberofcolumns=\count162
)
\tikz@expandcount=\count163

("C:\Users\Chiara\AppData\Local\Programs\MiKTeX 2.9 a\tex\generic\pgf\frontendl
ayer\tikz\libraries\tikzlibrarytopaths.code.tex"
File: tikzlibrarytopaths.code.tex 2019/02/02 v3.1.1 (3.1.1)
)))
("C:\Users\Chiara\AppData\Local\Programs\MiKTeX 2.9 a\tex\latex\tikz-cd\tikzlib
rarycd.code.tex"
("C:\Users\Chiara\AppData\Local\Programs\MiKTeX 2.9 a\tex\generic\pgf\frontendl
ayer\tikz\libraries\tikzlibrarymatrix.code.tex"
File: tikzlibrarymatrix.code.tex 2019/02/02 v3.1.1 (3.1.1)
)
("C:\Users\Chiara\AppData\Local\Programs\MiKTeX 2.9 a\tex\generic\pgf\frontendl
ayer\tikz\libraries\tikzlibraryquotes.code.tex"
File: tikzlibraryquotes.code.tex 2019/02/02 v3.1.1 (3.1.1)
)
("C:\Users\Chiara\AppData\Local\Programs\MiKTeX 2.9 a\tex\generic\pgf\libraries
\pgflibraryarrows.meta.code.tex"
File: pgflibraryarrows.meta.code.tex 2019/02/02 v3.1.1 (3.1.1)
\pgfarrowinset=\dimen257
\pgfarrowlength=\dimen258
\pgfarrowwidth=\dimen259
\pgfarrowlinewidth=\dimen260
)))
("C:\Users\Chiara\AppData\Local\Programs\MiKTeX 2.9 a\tex\latex\adjustbox\adjus
tbox.sty"
Package: adjustbox 2019/01/04 v1.2 Adjusting TeX boxes (trim, clip, ...)

("C:\Users\Chiara\AppData\Local\Programs\MiKTeX 2.9 a\tex\latex\xkeyval\xkeyval
.sty"
Package: xkeyval 2014/12/03 v2.7a package option processing (HA)

("C:\Users\Chiara\AppData\Local\Programs\MiKTeX 2.9 a\tex\generic\xkeyval\xkeyv
al.tex"
("C:\Users\Chiara\AppData\Local\Programs\MiKTeX 2.9 a\tex\generic\xkeyval\xkvut
ils.tex"
\XKV@toks=\toks47
\XKV@tempa@toks=\toks48
)
\XKV@depth=\count164
File: xkeyval.tex 2014/12/03 v2.7a key=value parser (HA)
))
("C:\Users\Chiara\AppData\Local\Programs\MiKTeX 2.9 a\tex\latex\adjustbox\adjca
lc.sty"
Package: adjcalc 2012/05/16 v1.1 Provides advanced setlength with multiple back
-ends (calc, etex, pgfmath)
)
("C:\Users\Chiara\AppData\Local\Programs\MiKTeX 2.9 a\tex\latex\adjustbox\trimc
lip.sty"
Package: trimclip 2018/04/08 v1.1 Trim and clip general TeX material

("C:\Users\Chiara\AppData\Local\Programs\MiKTeX 2.9 a\tex\latex\collectbox\coll
ectbox.sty"
Package: collectbox 2012/05/17 v0.4b Collect macro arguments as boxes
\collectedbox=\box56
)
\tc@llx=\dimen261
\tc@lly=\dimen262
\tc@urx=\dimen263
\tc@ury=\dimen264
Package trimclip Info: Using driver 'tc-pdftex.def'.

("C:\Users\Chiara\AppData\Local\Programs\MiKTeX 2.9 a\tex\latex\adjustbox\tc-pd
ftex.def"
File: tc-pdftex.def 2019/01/04 v2.2 Clipping driver for pdftex
))
\adjbox@Width=\dimen265
\adjbox@Height=\dimen266
\adjbox@Depth=\dimen267
\adjbox@Totalheight=\dimen268
\adjbox@pwidth=\dimen269
\adjbox@pheight=\dimen270
\adjbox@pdepth=\dimen271
\adjbox@ptotalheight=\dimen272

("C:\Users\Chiara\AppData\Local\Programs\MiKTeX 2.9 a\tex\latex\ifoddpage\ifodd
page.sty"
Package: ifoddpage 2016/04/23 v1.1 Conditionals for odd/even page detection
\c@checkoddpage=\count165
)
("C:\Users\Chiara\AppData\Local\Programs\MiKTeX 2.9 a\tex\latex\ltxmisc\varwidt
h.sty"
Package: varwidth 2009/03/30 ver 0.92;  Variable-width minipages
\@vwid@box=\box57
\sift@deathcycles=\count166
\@vwid@loff=\dimen273
\@vwid@roff=\dimen274
))
("C:\Users\Chiara\AppData\Local\Programs\MiKTeX 2.9 a\tex\latex\mathtools\matht
ools.sty"
Package: mathtools 2020/01/17 v1.23 mathematical typesetting tools

("C:\Users\Chiara\AppData\Local\Programs\MiKTeX 2.9 a\tex\latex\tools\calc.sty"
Package: calc 2014/10/28 v4.3 Infix arithmetic (KKT,FJ)
\calc@Acount=\count167
\calc@Bcount=\count168
\calc@Adimen=\dimen275
\calc@Bdimen=\dimen276
\calc@Askip=\skip58
\calc@Bskip=\skip59
LaTeX Info: Redefining \setlength on input line 80.
LaTeX Info: Redefining \addtolength on input line 81.
\calc@Ccount=\count169
\calc@Cskip=\skip60
)
("C:\Users\Chiara\AppData\Local\Programs\MiKTeX 2.9 a\tex\latex\mathtools\mhset
up.sty"
Package: mhsetup 2017/03/31 v1.3 programming setup (MH)
)
LaTeX Info: Thecontrolsequence`\('isalreadyrobust on input line 129.
LaTeX Info: Thecontrolsequence`\)'isalreadyrobust on input line 129.
LaTeX Info: Thecontrolsequence`\['isalreadyrobust on input line 129.
LaTeX Info: Thecontrolsequence`\]'isalreadyrobust on input line 129.
\g_MT_multlinerow_int=\count170
\l_MT_multwidth_dim=\dimen277
\origjot=\skip61
\l_MT_shortvdotswithinadjustabove_dim=\dimen278
\l_MT_shortvdotswithinadjustbelow_dim=\dimen279
\l_MT_above_intertext_sep=\dimen280
\l_MT_below_intertext_sep=\dimen281
\l_MT_above_shortintertext_sep=\dimen282
\l_MT_below_shortintertext_sep=\dimen283
)
("C:\Users\Chiara\AppData\Local\Programs\MiKTeX 2.9 a\tex\generic\babel\babel.s
ty"
Package: babel 2018/02/14 3.18 The Babel package

("C:\Users\Chiara\AppData\Local\Programs\MiKTeX 2.9 a\tex\generic\babel\switch.
def"
File: switch.def 2018/02/14 3.18 Babel switching mechanism
)
*************************************
* Local config file bblopts.cfg used
*

("C:\Users\Chiara\AppData\Local\Programs\MiKTeX 2.9 a\tex\latex\arabi\bblopts.c
fg"
File: bblopts.cfg 2005/09/08 v0.1 add Arabic and Farsi to "declared" options of
 babel
)
("C:\Users\Chiara\AppData\Local\Programs\MiKTeX 2.9 a\tex\latex\babel-italian\i
talian.ldf"
Language: italian 2015/03/26 v1.3n Italian support from the babel system

("C:\Users\Chiara\AppData\Local\Programs\MiKTeX 2.9 a\tex\generic\babel\babel.d
ef"
File: babel.def 2018/02/14 3.18 Babel common definitions
\babel@savecnt=\count171
\U@D=\dimen284

("C:\Users\Chiara\AppData\Local\Programs\MiKTeX 2.9 a\tex\generic\babel\txtbabe
l.def")
LaTeX Info: Redefining \textlatin on input line 1839.
\bbl@dirlevel=\count172
)
\it@lettering=\count173
\it@doublequoteactive=\count174
\it@ISOcompliance=\count175
))
("C:\Users\Chiara\AppData\Local\Programs\MiKTeX 2.9 a\tex\latex\pgfornament\pgf
ornament.sty"
("C:\Users\Chiara\AppData\Local\Programs\MiKTeX 2.9 a\tex\latex\pgfopts\pgfopts
.sty"
Package: pgfopts 2014/07/10 v2.1a LaTeX package options with pgfkeys
\pgfopts@list@add@a@toks=\toks49
\pgfopts@list@add@b@toks=\toks50
)
Package: pgfornament 2020/05/26 v1.2 vector ornaments

("C:\Users\Chiara\AppData\Local\Programs\MiKTeX 2.9 a\tex\latex\pgfornament\pgf
libraryvectorian.code.tex"
2020/04/06 1.1 pgflibraryvectorian.code.tex
))
("C:\Users\Chiara\AppData\Local\Programs\MiKTeX 2.9 a\tex\latex\pgfplots\pgfplo
ts.sty"
("C:\Users\Chiara\AppData\Local\Programs\MiKTeX 2.9 a\tex\generic\pgfplots\pgfp
lots.revision.tex")
Package: pgfplots 2021/05/15 v1.18.1 Data Visualization (1.18.1)

("C:\Users\Chiara\AppData\Local\Programs\MiKTeX 2.9 a\tex\generic\pgfplots\pgfp
lots.code.tex"
("C:\Users\Chiara\AppData\Local\Programs\MiKTeX 2.9 a\tex\generic\pgfplots\pgfp
lotscore.code.tex"
\t@pgfplots@toka=\toks51
\t@pgfplots@tokb=\toks52
\t@pgfplots@tokc=\toks53
\pgfplots@tmpa=\dimen285
\c@pgfplots@coordindex=\count176
\c@pgfplots@scanlineindex=\count177

("C:\Users\Chiara\AppData\Local\Programs\MiKTeX 2.9 a\tex\generic\pgfplots\sys\
pgfplotssysgeneric.code.tex"))
("C:\Users\Chiara\AppData\Local\Programs\MiKTeX 2.9 a\tex\generic\pgfplots\libs
\pgfplotslibrary.code.tex")
("C:\Users\Chiara\AppData\Local\Programs\MiKTeX 2.9 a\tex\generic\pgfplots\oldp
gfcompatib\pgfplotsoldpgfsupp_loader.code.tex"
("C:\Users\Chiara\AppData\Local\Programs\MiKTeX 2.9 a\tex\generic\pgf\libraries
\pgflibraryfpu.code.tex"))
("C:\Users\Chiara\AppData\Local\Programs\MiKTeX 2.9 a\tex\generic\pgfplots\util
\pgfplotsutil.code.tex"
("C:\Users\Chiara\AppData\Local\Programs\MiKTeX 2.9 a\tex\generic\pgfplots\list
structure\pgfplotsliststructure.code.tex")
("C:\Users\Chiara\AppData\Local\Programs\MiKTeX 2.9 a\tex\generic\pgfplots\list
structure\pgfplotsliststructureext.code.tex")
("C:\Users\Chiara\AppData\Local\Programs\MiKTeX 2.9 a\tex\generic\pgfplots\list
structure\pgfplotsarray.code.tex"
\c@pgfplotsarray@tmp=\count178
)
("C:\Users\Chiara\AppData\Local\Programs\MiKTeX 2.9 a\tex\generic\pgfplots\list
structure\pgfplotsmatrix.code.tex")
("C:\Users\Chiara\AppData\Local\Programs\MiKTeX 2.9 a\tex\generic\pgfplots\numt
able\pgfplotstableshared.code.tex"
\c@pgfplotstable@counta=\count179
\t@pgfplotstable@a=\toks54
)
("C:\Users\Chiara\AppData\Local\Programs\MiKTeX 2.9 a\tex\generic\pgfplots\list
structure\pgfplotsdeque.code.tex")
("C:\Users\Chiara\AppData\Local\Programs\MiKTeX 2.9 a\tex\generic\pgfplots\util
\pgfplotsbinary.code.tex"
("C:\Users\Chiara\AppData\Local\Programs\MiKTeX 2.9 a\tex\generic\pgfplots\util
\pgfplotsbinary.data.code.tex"))
("C:\Users\Chiara\AppData\Local\Programs\MiKTeX 2.9 a\tex\generic\pgfplots\util
\pgfplotsutil.verb.code.tex")
("C:\Users\Chiara\AppData\Local\Programs\MiKTeX 2.9 a\tex\generic\pgfplots\libs
\pgflibrarypgfplots.surfshading.code.tex"
\c@pgfplotslibrarysurf@no=\count180

("C:\Users\Chiara\AppData\Local\Programs\MiKTeX 2.9 a\tex\generic\pgfplots\sys\
pgflibrarypgfplots.surfshading.pgfsys-pdftex.def")))
("C:\Users\Chiara\AppData\Local\Programs\MiKTeX 2.9 a\tex\generic\pgfplots\util
\pgfplotscolormap.code.tex"
("C:\Users\Chiara\AppData\Local\Programs\MiKTeX 2.9 a\tex\generic\pgfplots\util
\pgfplotscolor.code.tex"))
("C:\Users\Chiara\AppData\Local\Programs\MiKTeX 2.9 a\tex\generic\pgfplots\pgfp
lotsstackedplots.code.tex")
("C:\Users\Chiara\AppData\Local\Programs\MiKTeX 2.9 a\tex\generic\pgfplots\pgfp
lotsplothandlers.code.tex"
("C:\Users\Chiara\AppData\Local\Programs\MiKTeX 2.9 a\tex\generic\pgfplots\pgfp
lotsmeshplothandler.code.tex"
("C:\Users\Chiara\AppData\Local\Programs\MiKTeX 2.9 a\tex\generic\pgfplots\pgfp
lotsmeshplotimage.code.tex")))
("C:\Users\Chiara\AppData\Local\Programs\MiKTeX 2.9 a\tex\generic\pgfplots\pgfp
lots.scaling.code.tex")
("C:\Users\Chiara\AppData\Local\Programs\MiKTeX 2.9 a\tex\generic\pgfplots\pgfp
lotscoordprocessing.code.tex")
("C:\Users\Chiara\AppData\Local\Programs\MiKTeX 2.9 a\tex\generic\pgfplots\pgfp
lots.errorbars.code.tex")
("C:\Users\Chiara\AppData\Local\Programs\MiKTeX 2.9 a\tex\generic\pgfplots\pgfp
lots.markers.code.tex")
("C:\Users\Chiara\AppData\Local\Programs\MiKTeX 2.9 a\tex\generic\pgfplots\pgfp
lotsticks.code.tex")
("C:\Users\Chiara\AppData\Local\Programs\MiKTeX 2.9 a\tex\generic\pgfplots\pgfp
lots.paths.code.tex")
("C:\Users\Chiara\AppData\Local\Programs\MiKTeX 2.9 a\tex\generic\pgf\frontendl
ayer\tikz\libraries\tikzlibrarydecorations.code.tex"
("C:\Users\Chiara\AppData\Local\Programs\MiKTeX 2.9 a\tex\generic\pgf\modules\p
gfmoduledecorations.code.tex"
\pgfdecoratedcompleteddistance=\dimen286
\pgfdecoratedremainingdistance=\dimen287
\pgfdecoratedinputsegmentcompleteddistance=\dimen288
\pgfdecoratedinputsegmentremainingdistance=\dimen289
\pgf@decorate@distancetomove=\dimen290
\pgf@decorate@repeatstate=\count181
\pgfdecorationsegmentamplitude=\dimen291
\pgfdecorationsegmentlength=\dimen292
)
\tikz@lib@dec@box=\box58
)
("C:\Users\Chiara\AppData\Local\Programs\MiKTeX 2.9 a\tex\generic\pgf\frontendl
ayer\tikz\libraries\tikzlibrarydecorations.pathmorphing.code.tex"
("C:\Users\Chiara\AppData\Local\Programs\MiKTeX 2.9 a\tex\generic\pgf\libraries
\decorations\pgflibrarydecorations.pathmorphing.code.tex"))
("C:\Users\Chiara\AppData\Local\Programs\MiKTeX 2.9 a\tex\generic\pgf\frontendl
ayer\tikz\libraries\tikzlibrarydecorations.pathreplacing.code.tex"
("C:\Users\Chiara\AppData\Local\Programs\MiKTeX 2.9 a\tex\generic\pgf\libraries
\decorations\pgflibrarydecorations.pathreplacing.code.tex"))
("C:\Users\Chiara\AppData\Local\Programs\MiKTeX 2.9 a\tex\generic\pgfplots\libs
\tikzlibrarypgfplots.contourlua.code.tex")
\pgfplots@numplots=\count182
\pgfplots@xmin@reg=\dimen293
\pgfplots@xmax@reg=\dimen294
\pgfplots@ymin@reg=\dimen295
\pgfplots@ymax@reg=\dimen296
\pgfplots@zmin@reg=\dimen297
\pgfplots@zmax@reg=\dimen298
)
("C:\Users\Chiara\AppData\Local\Programs\MiKTeX 2.9 a\tex\generic\pgf\frontendl
ayer\tikz\libraries\tikzlibraryplotmarks.code.tex"
File: tikzlibraryplotmarks.code.tex 2019/02/02 v3.1.1 (3.1.1)

("C:\Users\Chiara\AppData\Local\Programs\MiKTeX 2.9 a\tex\generic\pgf\libraries
\pgflibraryplotmarks.code.tex"
File: pgflibraryplotmarks.code.tex 2019/02/02 v3.1.1 (3.1.1)
)))
("C:\Users\Chiara\AppData\Local\Programs\MiKTeX 2.9 a\tex\latex\jknappen\mathrs
fs.sty"
Package: mathrsfs 1996/01/01 Math RSFS package v1.0 (jk)
\symrsfs=\mathgroup6
)
("C:\Users\Chiara\AppData\Local\Programs\MiKTeX 2.9 a\tex\generic\pgf\frontendl
ayer\tikz\libraries\tikzlibraryarrows.code.tex"
File: tikzlibraryarrows.code.tex 2019/02/02 v3.1.1 (3.1.1)

("C:\Users\Chiara\AppData\Local\Programs\MiKTeX 2.9 a\tex\generic\pgf\libraries
\pgflibraryarrows.code.tex"
File: pgflibraryarrows.code.tex 2019/02/02 v3.1.1 (3.1.1)
\arrowsize=\dimen299
))

Package hyperref Warning: Token not allowed in a PDF string (PDFDocEncoding):
(hyperref)                removing `\\' on input line 17.

LaTeX Info: Redefining \bfseries on input line 41.

Package amsthm Warning: Unknown theoremstyle `theorem' on input line 48.

\c@teo=\count183

Package amsthm Warning: Unknown theoremstyle `theorem' on input line 51.

\c@teorema=\count184

Package amsthm Warning: Unknown theoremstyle `theorem' on input line 54.

\c@proposizione=\count185

Package amsthm Warning: Unknown theoremstyle `theorem' on input line 57.

\c@corollario=\count186

Package amsthm Warning: Unknown theoremstyle `theorem' on input line 62.

\c@lem=\count187

("C:\Users\Chiara\AppData\Local\Programs\MiKTeX 2.9 a\tex\latex\beamer\beamerfo
ntthemeprofessionalfonts.sty") (Davies.aux)
\openout1 = `Davies.aux'.

LaTeX Font Info:    Checking defaults for OML/cmm/m/it on input line 69.
LaTeX Font Info:    ... okay on input line 69.
LaTeX Font Info:    Checking defaults for T1/cmr/m/n on input line 69.
LaTeX Font Info:    ... okay on input line 69.
LaTeX Font Info:    Checking defaults for OT1/cmr/m/n on input line 69.
LaTeX Font Info:    ... okay on input line 69.
LaTeX Font Info:    Checking defaults for OMS/cmsy/m/n on input line 69.
LaTeX Font Info:    ... okay on input line 69.
LaTeX Font Info:    Checking defaults for OMX/cmex/m/n on input line 69.
LaTeX Font Info:    ... okay on input line 69.
LaTeX Font Info:    Checking defaults for U/cmr/m/n on input line 69.
LaTeX Font Info:    ... okay on input line 69.
LaTeX Font Info:    Checking defaults for PD1/pdf/m/n on input line 69.
LaTeX Font Info:    ... okay on input line 69.

*geometry* driver: auto-detecting
*geometry* detected driver: pdftex
*geometry* verbose mode - [ preamble ] result:
* driver: pdftex
* paper: custom
* layout: <same size as paper>
* layoutoffset:(h,v)=(0.0pt,0.0pt)
* modes: includehead includefoot 
* h-part:(L,W,R)=(10.95003pt, 342.2953pt, 10.95003pt)
* v-part:(T,H,B)=(0.0pt, 273.14662pt, 0.0pt)
* \paperwidth=364.19536pt
* \paperheight=273.14662pt
* \textwidth=342.2953pt
* \textheight=244.6939pt
* \oddsidemargin=-61.31996pt
* \evensidemargin=-61.31996pt
* \topmargin=-72.26999pt
* \headheight=14.22636pt
* \headsep=0.0pt
* \topskip=11.0pt
* \footskip=14.22636pt
* \marginparwidth=4.0pt
* \marginparsep=10.0pt
* \columnsep=10.0pt
* \skip\footins=10.0pt plus 4.0pt minus 2.0pt
* \hoffset=0.0pt
* \voffset=0.0pt
* \mag=1000
* \@twocolumnfalse
* \@twosidefalse
* \@mparswitchfalse
* \@reversemarginfalse
* (1in=72.27pt=25.4mm, 1cm=28.453pt)


("C:\Users\Chiara\AppData\Local\Programs\MiKTeX 2.9 a\tex\context\base\supp-pdf
.mkii"
[Loading MPS to PDF converter (version 2006.09.02).]
\scratchcounter=\count188
\scratchdimen=\dimen300
\scratchbox=\box59
\nofMPsegments=\count189
\nofMParguments=\count190
\everyMPshowfont=\toks55
\MPscratchCnt=\count191
\MPscratchDim=\dimen301
\MPnumerator=\count192
\makeMPintoPDFobject=\count193
\everyMPtoPDFconversion=\toks56
)
("C:\Users\Chiara\AppData\Local\Programs\MiKTeX 2.9 a\tex\latex\oberdiek\epstop
df-base.sty"
Package: epstopdf-base 2016/05/15 v2.6 Base part for package epstopdf

("C:\Users\Chiara\AppData\Local\Programs\MiKTeX 2.9 a\tex\latex\oberdiek\grfext
.sty"
Package: grfext 2016/05/16 v1.2 Manage graphics extensions (HO)
)
Package epstopdf-base Info: Redefining graphics rule for `.eps' on input line 4
38.
Package grfext Info: Graphics extension search list:
(grfext)             [.pdf,.png,.jpg,.mps,.jpeg,.jbig2,.jb2,.PDF,.PNG,.JPG,.JPE
G,.JBIG2,.JB2,.eps]
(grfext)             \AppendGraphicsExtensions on input line 456.
) ABD: EveryShipout initializing macros
\AtBeginShipoutBox=\box60
Package hyperref Info: Link coloring OFF on input line 69.

("C:\Users\Chiara\AppData\Local\Programs\MiKTeX 2.9 a\tex\latex\hyperref\namere
f.sty"
Package: nameref 2016/05/21 v2.44 Cross-referencing by name of section

("C:\Users\Chiara\AppData\Local\Programs\MiKTeX 2.9 a\tex\generic\oberdiek\gett
itlestring.sty"
Package: gettitlestring 2016/05/16 v1.5 Cleanup title references (HO)
)
\c@section@level=\count194
)
LaTeX Info: Redefining \ref on input line 69.
LaTeX Info: Redefining \pageref on input line 69.
LaTeX Info: Redefining \nameref on input line 69.
 (Davies.out) (Davies.out)
\@outlinefile=\write5
\openout5 = `Davies.out'.


("C:\Users\Chiara\AppData\Local\Programs\MiKTeX 2.9 a\tex\latex\translator\tran
slator-basic-dictionary-English.dict"
Dictionary: translator-basic-dictionary, Language: English 
)
("C:\Users\Chiara\AppData\Local\Programs\MiKTeX 2.9 a\tex\latex\translator\tran
slator-bibliography-dictionary-English.dict"
Dictionary: translator-bibliography-dictionary, Language: English 
)
("C:\Users\Chiara\AppData\Local\Programs\MiKTeX 2.9 a\tex\latex\translator\tran
slator-environment-dictionary-English.dict"
Dictionary: translator-environment-dictionary, Language: English 
)
("C:\Users\Chiara\AppData\Local\Programs\MiKTeX 2.9 a\tex\latex\translator\tran
slator-months-dictionary-English.dict"
Dictionary: translator-months-dictionary, Language: English 
)
("C:\Users\Chiara\AppData\Local\Programs\MiKTeX 2.9 a\tex\latex\translator\tran
slator-numbers-dictionary-English.dict"
Dictionary: translator-numbers-dictionary, Language: English 
)
("C:\Users\Chiara\AppData\Local\Programs\MiKTeX 2.9 a\tex\latex\translator\tran
slator-theorem-dictionary-English.dict"
Dictionary: translator-theorem-dictionary, Language: English 
)
LaTeX Info: Redefining \it@ocap on input line 69.
LaTeX Info: Redefining \it@ccap on input line 69.


File italian.ldf warning: 
italian.ldf    With OT1 encoding guillemets are poorly faked
italian.ldf    Use T1 encoding
italian.ldf    or specify a font with command \CaporaliFrom
italian.ldf    See the documentation concerning the babel-italian typesetting 
italian.ldf    on input line 69.

Package pgfplots notification 'compat/show suggested version=true': you might b
enefit from \pgfplotsset{compat=1.18} (current compat level: 1.15).

(Davies.nav) [1

{C:/Users/Chiara/AppData/Local/MiKTeX/2.9/pdftex/config/pdftex.map}]
\openout4 = `Davies.vrb'.

 (Davies.vrb
LaTeX Font Info:    Try loading font information for U+msa on input line 7.

("C:\Users\Chiara\AppData\Local\Programs\MiKTeX 2.9 a\tex\latex\amsfonts\umsa.f
d"
File: umsa.fd 2013/01/14 v3.01 AMS symbols A
)
LaTeX Font Info:    Try loading font information for U+msb on input line 7.

("C:\Users\Chiara\AppData\Local\Programs\MiKTeX 2.9 a\tex\latex\amsfonts\umsb.f
d"
File: umsb.fd 2013/01/14 v3.01 AMS symbols B
)
LaTeX Font Info:    Try loading font information for U+rsfs on input line 7.

("C:\Users\Chiara\AppData\Local\Programs\MiKTeX 2.9 a\tex\latex\jknappen\ursfs.
fd"
File: ursfs.fd 1998/03/24 rsfs font definition file (jk)
)) [2

] (Davies.vrb) [3

] (Davies.vrb) [4

]
\openout4 = `Davies.vrb'.

 (Davies.vrb) [5

] (Davies.vrb)
[6

] (Davies.vrb) [7

] (Davies.vrb) [8

]
\openout4 = `Davies.vrb'.

 (Davies.vrb) [9

] (Davies.vrb) [10

]
(Davies.vrb) [11

] (Davies.vrb) [12

] [13

] [14

] [15

]
\openout4 = `Davies.vrb'.

 (Davies.vrb

LaTeX Font Warning: Font shape `OT1/cmss/bx/it' undefined
(Font)              using `OT1/cmss/bx/n' instead on input line 4.

) [16

] (Davies.vrb) [17

] (Davies.vrb) [18

] (Davies.vrb) [19

]
\openout4 = `Davies.vrb'.

 (Davies.vrb)
[20

] (Davies.vrb) [21

] (Davies.vrb) [22

] (Davies.vrb) [23

] (Davies.vrb)
[24

] [25

] [26

] [27

]
\openout4 = `Davies.vrb'.

 (Davies.vrb
<prova1.png, id=1016, 2083.785pt x 737.75626pt>
File: prova1.png Graphic file (type png)
<use prova1.png>
Package pdftex.def Info: prova1.png  used on input line 5.
(pdftex.def)             Requested size: 308.06367pt x 109.06013pt.
) [28

 <./prova1.png (PNG copy)>] (Davies.vrb
File: prova1.png Graphic file (type png)
<use prova1.png>
Package pdftex.def Info: prova1.png  used on input line 5.
(pdftex.def)             Requested size: 308.06367pt x 109.06013pt.
)
[29

] (Davies.vrb
File: prova1.png Graphic file (type png)
<use prova1.png>
Package pdftex.def Info: prova1.png  used on input line 5.
(pdftex.def)             Requested size: 308.06367pt x 109.06013pt.
) [30

] (Davies.vrb
File: prova1.png Graphic file (type png)
<use prova1.png>
Package pdftex.def Info: prova1.png  used on input line 5.
(pdftex.def)             Requested size: 308.06367pt x 109.06013pt.
) [31

]
\openout4 = `Davies.vrb'.

 (Davies.vrb
<prova2.png, id=1122, 2083.785pt x 737.75626pt>
File: prova2.png Graphic file (type png)
<use prova2.png>
Package pdftex.def Info: prova2.png  used on input line 4.
(pdftex.def)             Requested size: 308.06367pt x 109.06013pt.
) [32

 <./prova2.png (PNG copy)>] [33

] [34

] [35

] [36

] [37

] [38

] [39

] [40

] [41

] [42

] [43

]
\openout4 = `Davies.vrb'.

 (Davies.vrb)
[44

] (Davies.vrb) [45

] (Davies.vrb) [46

] (Davies.vrb) [47

] [48

] [49

] [50

]
[51

] [52

]
\openout4 = `Davies.vrb'.

 (Davies.vrb) [53

] (Davies.vrb) [54

] (Davies.vrb) [55

] (Davies.vrb)
[56

] (Davies.vrb) [57

] [58

] [59

] [60

] [61

] [62

]
\tf@nav=\write6
\openout6 = `Davies.nav'.

\tf@toc=\write7
\openout7 = `Davies.toc'.

\tf@snm=\write8
\openout8 = `Davies.snm'.

Package atveryend Info: Empty hook `BeforeClearDocument' on input line 356.
Package atveryend Info: Empty hook `AfterLastShipout' on input line 356.
 (Davies.aux)
Package atveryend Info: Executing hook `AtVeryEndDocument' on input line 356.
Package atveryend Info: Executing hook `AtEndAfterFileList' on input line 356.
Package rerunfilecheck Info: File `Davies.out' has not changed.
(rerunfilecheck)             Checksum: D41D8CD98F00B204E9800998ECF8427E;0.


LaTeX Font Warning: Some font shapes were not available, defaults substituted.

 ) 
Here is how much of TeX's memory you used:
 34791 strings out of 493305
 850864 string characters out of 3128503
 1049587 words of memory out of 3000000
 37440 multiletter control sequences out of 15000+200000
 14346 words of font info for 57 fonts, out of 3000000 for 9000
 1141 hyphenation exceptions out of 8191
 69i,15n,119p,802b,963s stack positions out of 5000i,500n,10000p,200000b,50000s
<C:/Users/Chiara/AppData/Local/Programs/MiKTeX 2.9 a/fonts/type1/public/amsfo
nts/cm/cmex10.pfb><C:/Users/Chiara/AppData/Local/Programs/MiKTeX 2.9 a/fonts/ty
pe1/public/amsfonts/cm/cmmi10.pfb><C:/Users/Chiara/AppData/Local/Programs/MiKTe
X 2.9 a/fonts/type1/public/amsfonts/cm/cmmi12.pfb><C:/Users/Chiara/AppData/Loca
l/Programs/MiKTeX 2.9 a/fonts/type1/public/amsfonts/cm/cmmi6.pfb><C:/Users/Chia
ra/AppData/Local/Programs/MiKTeX 2.9 a/fonts/type1/public/amsfonts/cm/cmmi8.pfb
><C:/Users/Chiara/AppData/Local/Programs/MiKTeX 2.9 a/fonts/type1/public/amsfon
ts/cm/cmr10.pfb><C:/Users/Chiara/AppData/Local/Programs/MiKTeX 2.9 a/fonts/type
1/public/amsfonts/cm/cmr6.pfb><C:/Users/Chiara/AppData/Local/Programs/MiKTeX 2.
9 a/fonts/type1/public/amsfonts/cm/cmr8.pfb><C:/Users/Chiara/AppData/Local/Prog
rams/MiKTeX 2.9 a/fonts/type1/public/amsfonts/cm/cmss10.pfb><C:/Users/Chiara/Ap
pData/Local/Programs/MiKTeX 2.9 a/fonts/type1/public/amsfonts/cm/cmss12.pfb><C:
/Users/Chiara/AppData/Local/Programs/MiKTeX 2.9 a/fonts/type1/public/amsfonts/c
m/cmss8.pfb><C:/Users/Chiara/AppData/Local/Programs/MiKTeX 2.9 a/fonts/type1/pu
blic/amsfonts/cm/cmssbx10.pfb><C:/Users/Chiara/AppData/Local/Programs/MiKTeX 2.
9 a/fonts/type1/public/amsfonts/cm/cmssi10.pfb><C:/Users/Chiara/AppData/Local/P
rograms/MiKTeX 2.9 a/fonts/type1/public/amsfonts/cm/cmsy10.pfb><C:/Users/Chiara
/AppData/Local/Programs/MiKTeX 2.9 a/fonts/type1/public/amsfonts/cm/cmsy6.pfb><
C:/Users/Chiara/AppData/Local/Programs/MiKTeX 2.9 a/fonts/type1/public/amsfonts
/cm/cmsy8.pfb><C:/Users/Chiara/AppData/Local/Programs/MiKTeX 2.9 a/fonts/type1/
public/amsfonts/symbols/msbm10.pfb>
Output written on Davies.pdf (62 pages, 1319770 bytes).
PDF statistics:
 2259 PDF objects out of 2487 (max. 8388607)
 125 named destinations out of 1000 (max. 500000)
 1619 words of extra memory for PDF output out of 10000 (max. 10000000)

